ARM GAS  C:\Users\ÑÏÍþºÀ\AppData\Local\Temp\cc35rGKl.s 			page 1


   1              		.cpu cortex-m0
   2              		.fpu softvfp
   3              		.eabi_attribute 20, 1
   4              		.eabi_attribute 21, 1
   5              		.eabi_attribute 23, 3
   6              		.eabi_attribute 24, 1
   7              		.eabi_attribute 25, 1
   8              		.eabi_attribute 26, 1
   9              		.eabi_attribute 30, 1
  10              		.eabi_attribute 34, 0
  11              		.eabi_attribute 18, 4
  12              		.code	16
  13              		.file	"cyfitter_cfg.c"
  14              		.text
  15              	.Ltext0:
  16              		.cfi_sections	.debug_frame
  17              		.section	.text.cfg_write_bytes32,"ax",%progbits
  18              		.align	2
  19              		.code	16
  20              		.thumb_func
  21              		.type	cfg_write_bytes32, %function
  22              	cfg_write_bytes32:
  23              	.LFB3:
  24              		.file 1 ".\\Generated_Source\\PSoC4\\cyfitter_cfg.c"
   1:.\Generated_Source\PSoC4/cyfitter_cfg.c **** /*******************************************************************************
   2:.\Generated_Source\PSoC4/cyfitter_cfg.c **** * File Name: cyfitter_cfg.c
   3:.\Generated_Source\PSoC4/cyfitter_cfg.c **** * 
   4:.\Generated_Source\PSoC4/cyfitter_cfg.c **** * PSoC Creator  3.3 CP1
   5:.\Generated_Source\PSoC4/cyfitter_cfg.c **** *
   6:.\Generated_Source\PSoC4/cyfitter_cfg.c **** * Description:
   7:.\Generated_Source\PSoC4/cyfitter_cfg.c **** * This file contains device initialization code.
   8:.\Generated_Source\PSoC4/cyfitter_cfg.c **** * Except for the user defined sections in CyClockStartupError(), this file should not be modified.
   9:.\Generated_Source\PSoC4/cyfitter_cfg.c **** * This file is automatically generated by PSoC Creator.
  10:.\Generated_Source\PSoC4/cyfitter_cfg.c **** *
  11:.\Generated_Source\PSoC4/cyfitter_cfg.c **** ********************************************************************************
  12:.\Generated_Source\PSoC4/cyfitter_cfg.c **** * Copyright (c) 2007-2015 Cypress Semiconductor.  All rights reserved.
  13:.\Generated_Source\PSoC4/cyfitter_cfg.c **** * You may use this file only in accordance with the license, terms, conditions, 
  14:.\Generated_Source\PSoC4/cyfitter_cfg.c **** * disclaimers, and limitations in the end user license agreement accompanying 
  15:.\Generated_Source\PSoC4/cyfitter_cfg.c **** * the software package with which this file was provided.
  16:.\Generated_Source\PSoC4/cyfitter_cfg.c **** ********************************************************************************/
  17:.\Generated_Source\PSoC4/cyfitter_cfg.c **** 
  18:.\Generated_Source\PSoC4/cyfitter_cfg.c **** #include <string.h>
  19:.\Generated_Source\PSoC4/cyfitter_cfg.c **** #include "cytypes.h"
  20:.\Generated_Source\PSoC4/cyfitter_cfg.c **** #include "cydevice_trm.h"
  21:.\Generated_Source\PSoC4/cyfitter_cfg.c **** #include "cyfitter.h"
  22:.\Generated_Source\PSoC4/cyfitter_cfg.c **** #include "CyLib.h"
  23:.\Generated_Source\PSoC4/cyfitter_cfg.c **** #include "CyLFClk.h"
  24:.\Generated_Source\PSoC4/cyfitter_cfg.c **** #include "cyfitter_cfg.h"
  25:.\Generated_Source\PSoC4/cyfitter_cfg.c **** 
  26:.\Generated_Source\PSoC4/cyfitter_cfg.c **** 
  27:.\Generated_Source\PSoC4/cyfitter_cfg.c **** #if defined(__GNUC__) || defined(__ARMCC_VERSION)
  28:.\Generated_Source\PSoC4/cyfitter_cfg.c ****     #define CYPACKED 
  29:.\Generated_Source\PSoC4/cyfitter_cfg.c ****     #define CYPACKED_ATTR __attribute__ ((packed))
  30:.\Generated_Source\PSoC4/cyfitter_cfg.c ****     #define CYALIGNED __attribute__ ((aligned))
  31:.\Generated_Source\PSoC4/cyfitter_cfg.c ****     #define CY_CFG_UNUSED __attribute__ ((unused))
  32:.\Generated_Source\PSoC4/cyfitter_cfg.c ****     #define CY_CFG_SECTION __attribute__ ((section(".psocinit")))
  33:.\Generated_Source\PSoC4/cyfitter_cfg.c ****     
ARM GAS  C:\Users\ÑÏÍþºÀ\AppData\Local\Temp\cc35rGKl.s 			page 2


  34:.\Generated_Source\PSoC4/cyfitter_cfg.c ****     #if defined(__ARMCC_VERSION)
  35:.\Generated_Source\PSoC4/cyfitter_cfg.c ****         #define CY_CFG_MEMORY_BARRIER() __memory_changed()
  36:.\Generated_Source\PSoC4/cyfitter_cfg.c ****     #else
  37:.\Generated_Source\PSoC4/cyfitter_cfg.c ****         #define CY_CFG_MEMORY_BARRIER() __sync_synchronize()
  38:.\Generated_Source\PSoC4/cyfitter_cfg.c ****     #endif
  39:.\Generated_Source\PSoC4/cyfitter_cfg.c ****     
  40:.\Generated_Source\PSoC4/cyfitter_cfg.c **** #elif defined(__ICCARM__)
  41:.\Generated_Source\PSoC4/cyfitter_cfg.c ****     #include <intrinsics.h>
  42:.\Generated_Source\PSoC4/cyfitter_cfg.c **** 
  43:.\Generated_Source\PSoC4/cyfitter_cfg.c ****     #define CYPACKED __packed
  44:.\Generated_Source\PSoC4/cyfitter_cfg.c ****     #define CYPACKED_ATTR 
  45:.\Generated_Source\PSoC4/cyfitter_cfg.c ****     #define CYALIGNED _Pragma("data_alignment=4")
  46:.\Generated_Source\PSoC4/cyfitter_cfg.c ****     #define CY_CFG_UNUSED _Pragma("diag_suppress=Pe177")
  47:.\Generated_Source\PSoC4/cyfitter_cfg.c ****     #define CY_CFG_SECTION _Pragma("location=\".psocinit\"")
  48:.\Generated_Source\PSoC4/cyfitter_cfg.c ****     
  49:.\Generated_Source\PSoC4/cyfitter_cfg.c ****     #define CY_CFG_MEMORY_BARRIER() __DMB()
  50:.\Generated_Source\PSoC4/cyfitter_cfg.c ****     
  51:.\Generated_Source\PSoC4/cyfitter_cfg.c **** #else
  52:.\Generated_Source\PSoC4/cyfitter_cfg.c ****     #error Unsupported toolchain
  53:.\Generated_Source\PSoC4/cyfitter_cfg.c **** #endif
  54:.\Generated_Source\PSoC4/cyfitter_cfg.c **** 
  55:.\Generated_Source\PSoC4/cyfitter_cfg.c **** 
  56:.\Generated_Source\PSoC4/cyfitter_cfg.c **** CY_CFG_UNUSED
  57:.\Generated_Source\PSoC4/cyfitter_cfg.c **** static void CYMEMZERO(void *s, size_t n);
  58:.\Generated_Source\PSoC4/cyfitter_cfg.c **** CY_CFG_UNUSED
  59:.\Generated_Source\PSoC4/cyfitter_cfg.c **** static void CYMEMZERO(void *s, size_t n)
  60:.\Generated_Source\PSoC4/cyfitter_cfg.c **** {
  61:.\Generated_Source\PSoC4/cyfitter_cfg.c **** 	(void)memset(s, 0, n);
  62:.\Generated_Source\PSoC4/cyfitter_cfg.c **** }
  63:.\Generated_Source\PSoC4/cyfitter_cfg.c **** CY_CFG_UNUSED
  64:.\Generated_Source\PSoC4/cyfitter_cfg.c **** static void CYCONFIGCPY(void *dest, const void *src, size_t n);
  65:.\Generated_Source\PSoC4/cyfitter_cfg.c **** CY_CFG_UNUSED
  66:.\Generated_Source\PSoC4/cyfitter_cfg.c **** static void CYCONFIGCPY(void *dest, const void *src, size_t n)
  67:.\Generated_Source\PSoC4/cyfitter_cfg.c **** {
  68:.\Generated_Source\PSoC4/cyfitter_cfg.c **** 	(void)memcpy(dest, src, n);
  69:.\Generated_Source\PSoC4/cyfitter_cfg.c **** }
  70:.\Generated_Source\PSoC4/cyfitter_cfg.c **** CY_CFG_UNUSED
  71:.\Generated_Source\PSoC4/cyfitter_cfg.c **** static void CYCONFIGCPYCODE(void *dest, const void *src, size_t n);
  72:.\Generated_Source\PSoC4/cyfitter_cfg.c **** CY_CFG_UNUSED
  73:.\Generated_Source\PSoC4/cyfitter_cfg.c **** static void CYCONFIGCPYCODE(void *dest, const void *src, size_t n)
  74:.\Generated_Source\PSoC4/cyfitter_cfg.c **** {
  75:.\Generated_Source\PSoC4/cyfitter_cfg.c **** 	(void)memcpy(dest, src, n);
  76:.\Generated_Source\PSoC4/cyfitter_cfg.c **** }
  77:.\Generated_Source\PSoC4/cyfitter_cfg.c **** 
  78:.\Generated_Source\PSoC4/cyfitter_cfg.c **** 
  79:.\Generated_Source\PSoC4/cyfitter_cfg.c **** 
  80:.\Generated_Source\PSoC4/cyfitter_cfg.c **** /* Clock startup error codes                                                   */
  81:.\Generated_Source\PSoC4/cyfitter_cfg.c **** #define CYCLOCKSTART_NO_ERROR    0u
  82:.\Generated_Source\PSoC4/cyfitter_cfg.c **** #define CYCLOCKSTART_XTAL_ERROR  1u
  83:.\Generated_Source\PSoC4/cyfitter_cfg.c **** #define CYCLOCKSTART_32KHZ_ERROR 2u
  84:.\Generated_Source\PSoC4/cyfitter_cfg.c **** #define CYCLOCKSTART_PLL_ERROR   3u
  85:.\Generated_Source\PSoC4/cyfitter_cfg.c **** 
  86:.\Generated_Source\PSoC4/cyfitter_cfg.c **** #ifdef CY_NEED_CYCLOCKSTARTUPERROR
  87:.\Generated_Source\PSoC4/cyfitter_cfg.c **** /*******************************************************************************
  88:.\Generated_Source\PSoC4/cyfitter_cfg.c **** * Function Name: CyClockStartupError
  89:.\Generated_Source\PSoC4/cyfitter_cfg.c **** ********************************************************************************
  90:.\Generated_Source\PSoC4/cyfitter_cfg.c **** * Summary:
ARM GAS  C:\Users\ÑÏÍþºÀ\AppData\Local\Temp\cc35rGKl.s 			page 3


  91:.\Generated_Source\PSoC4/cyfitter_cfg.c **** *  If an error is encountered during clock configuration (crystal startup error,
  92:.\Generated_Source\PSoC4/cyfitter_cfg.c **** *  PLL lock error, etc.), the system will end up here.  Unless reimplemented by
  93:.\Generated_Source\PSoC4/cyfitter_cfg.c **** *  the customer, this function will stop in an infinite loop.
  94:.\Generated_Source\PSoC4/cyfitter_cfg.c **** *
  95:.\Generated_Source\PSoC4/cyfitter_cfg.c **** * Parameters:
  96:.\Generated_Source\PSoC4/cyfitter_cfg.c **** *   void
  97:.\Generated_Source\PSoC4/cyfitter_cfg.c **** *
  98:.\Generated_Source\PSoC4/cyfitter_cfg.c **** * Return:
  99:.\Generated_Source\PSoC4/cyfitter_cfg.c **** *   void
 100:.\Generated_Source\PSoC4/cyfitter_cfg.c **** *
 101:.\Generated_Source\PSoC4/cyfitter_cfg.c **** *******************************************************************************/
 102:.\Generated_Source\PSoC4/cyfitter_cfg.c **** CY_CFG_UNUSED
 103:.\Generated_Source\PSoC4/cyfitter_cfg.c **** static void CyClockStartupError(uint8 errorCode);
 104:.\Generated_Source\PSoC4/cyfitter_cfg.c **** CY_CFG_UNUSED
 105:.\Generated_Source\PSoC4/cyfitter_cfg.c **** static void CyClockStartupError(uint8 errorCode)
 106:.\Generated_Source\PSoC4/cyfitter_cfg.c **** {
 107:.\Generated_Source\PSoC4/cyfitter_cfg.c ****     /* To remove the compiler warning if errorCode not used.                */
 108:.\Generated_Source\PSoC4/cyfitter_cfg.c ****     errorCode = errorCode;
 109:.\Generated_Source\PSoC4/cyfitter_cfg.c **** 
 110:.\Generated_Source\PSoC4/cyfitter_cfg.c ****     /* `#START CyClockStartupError` */
 111:.\Generated_Source\PSoC4/cyfitter_cfg.c **** 
 112:.\Generated_Source\PSoC4/cyfitter_cfg.c ****     /* If we have a clock startup error (bad MHz crystal, PLL lock, etc.),  */
 113:.\Generated_Source\PSoC4/cyfitter_cfg.c ****     /* we will end up here to allow the customer to implement something to  */
 114:.\Generated_Source\PSoC4/cyfitter_cfg.c ****     /* deal with the clock condition.                                       */
 115:.\Generated_Source\PSoC4/cyfitter_cfg.c **** 
 116:.\Generated_Source\PSoC4/cyfitter_cfg.c ****     /* `#END` */
 117:.\Generated_Source\PSoC4/cyfitter_cfg.c **** 
 118:.\Generated_Source\PSoC4/cyfitter_cfg.c ****     /* If nothing else, stop here since the clocks have not started         */
 119:.\Generated_Source\PSoC4/cyfitter_cfg.c ****     /* correctly.                                                           */
 120:.\Generated_Source\PSoC4/cyfitter_cfg.c ****     while(1) {}
 121:.\Generated_Source\PSoC4/cyfitter_cfg.c **** }
 122:.\Generated_Source\PSoC4/cyfitter_cfg.c **** #endif
 123:.\Generated_Source\PSoC4/cyfitter_cfg.c **** 
 124:.\Generated_Source\PSoC4/cyfitter_cfg.c **** #define CY_CFG_BASE_ADDR_COUNT 4u
 125:.\Generated_Source\PSoC4/cyfitter_cfg.c **** CYPACKED typedef struct
 126:.\Generated_Source\PSoC4/cyfitter_cfg.c **** {
 127:.\Generated_Source\PSoC4/cyfitter_cfg.c **** 	uint8 offset;
 128:.\Generated_Source\PSoC4/cyfitter_cfg.c **** 	uint8 value;
 129:.\Generated_Source\PSoC4/cyfitter_cfg.c **** } CYPACKED_ATTR cy_cfg_addrvalue_t;
 130:.\Generated_Source\PSoC4/cyfitter_cfg.c **** 
 131:.\Generated_Source\PSoC4/cyfitter_cfg.c **** 
 132:.\Generated_Source\PSoC4/cyfitter_cfg.c **** 
 133:.\Generated_Source\PSoC4/cyfitter_cfg.c **** /*******************************************************************************
 134:.\Generated_Source\PSoC4/cyfitter_cfg.c **** * Function Name: cfg_write_bytes32
 135:.\Generated_Source\PSoC4/cyfitter_cfg.c **** ********************************************************************************
 136:.\Generated_Source\PSoC4/cyfitter_cfg.c **** * Summary:
 137:.\Generated_Source\PSoC4/cyfitter_cfg.c **** *  This function is used for setting up the chip configuration areas that
 138:.\Generated_Source\PSoC4/cyfitter_cfg.c **** *  contain relatively sparse data.
 139:.\Generated_Source\PSoC4/cyfitter_cfg.c **** *
 140:.\Generated_Source\PSoC4/cyfitter_cfg.c **** * Parameters:
 141:.\Generated_Source\PSoC4/cyfitter_cfg.c **** *   void
 142:.\Generated_Source\PSoC4/cyfitter_cfg.c **** *
 143:.\Generated_Source\PSoC4/cyfitter_cfg.c **** * Return:
 144:.\Generated_Source\PSoC4/cyfitter_cfg.c **** *   void
 145:.\Generated_Source\PSoC4/cyfitter_cfg.c **** *
 146:.\Generated_Source\PSoC4/cyfitter_cfg.c **** *******************************************************************************/
 147:.\Generated_Source\PSoC4/cyfitter_cfg.c **** static void cfg_write_bytes32(const uint32 addr_table[], const cy_cfg_addrvalue_t data_table[]);
ARM GAS  C:\Users\ÑÏÍþºÀ\AppData\Local\Temp\cc35rGKl.s 			page 4


 148:.\Generated_Source\PSoC4/cyfitter_cfg.c **** static void cfg_write_bytes32(const uint32 addr_table[], const cy_cfg_addrvalue_t data_table[])
 149:.\Generated_Source\PSoC4/cyfitter_cfg.c **** {
  25              		.loc 1 149 0
  26              		.cfi_startproc
  27              	.LVL0:
  28 0000 F0B5     		push	{r4, r5, r6, r7, lr}
  29              		.cfi_def_cfa_offset 20
  30              		.cfi_offset 4, -20
  31              		.cfi_offset 5, -16
  32              		.cfi_offset 6, -12
  33              		.cfi_offset 7, -8
  34              		.cfi_offset 14, -4
  35              	.LVL1:
 150:.\Generated_Source\PSoC4/cyfitter_cfg.c **** 	/* For 32-bit little-endian architectures */
 151:.\Generated_Source\PSoC4/cyfitter_cfg.c **** 	uint32 i, j = 0u;
  36              		.loc 1 151 0
  37 0002 0025     		mov	r5, #0
 152:.\Generated_Source\PSoC4/cyfitter_cfg.c **** 	for (i = 0u; i < CY_CFG_BASE_ADDR_COUNT; i++)
  38              		.loc 1 152 0
  39 0004 0027     		mov	r7, #0
  40 0006 11E0     		b	.L2
  41              	.LVL2:
  42              	.L5:
  43              	.LBB2:
 153:.\Generated_Source\PSoC4/cyfitter_cfg.c **** 	{
 154:.\Generated_Source\PSoC4/cyfitter_cfg.c **** 		uint32 baseAddr = addr_table[i];
  44              		.loc 1 154 0
  45 0008 BB00     		lsl	r3, r7, #2
  46 000a C658     		ldr	r6, [r0, r3]
  47              	.LVL3:
 155:.\Generated_Source\PSoC4/cyfitter_cfg.c **** 		uint8 count = (uint8)baseAddr;
  48              		.loc 1 155 0
  49 000c F3B2     		uxtb	r3, r6
  50              	.LVL4:
 156:.\Generated_Source\PSoC4/cyfitter_cfg.c **** 		baseAddr &= 0xFFFFFF00u;
  51              		.loc 1 156 0
  52 000e FF22     		mov	r2, #255
  53 0010 9643     		bic	r6, r2
  54              	.LVL5:
 157:.\Generated_Source\PSoC4/cyfitter_cfg.c **** 		while (count != 0u)
  55              		.loc 1 157 0
  56 0012 08E0     		b	.L3
  57              	.L4:
 158:.\Generated_Source\PSoC4/cyfitter_cfg.c **** 		{
 159:.\Generated_Source\PSoC4/cyfitter_cfg.c **** 			CY_SET_XTND_REG8((void CYFAR *)(baseAddr + data_table[j].offset), data_table[j].value);
  58              		.loc 1 159 0
  59 0014 6A00     		lsl	r2, r5, #1
  60 0016 8A18     		add	r2, r1, r2
  61 0018 1478     		ldrb	r4, [r2]
  62 001a A419     		add	r4, r4, r6
  63 001c 5278     		ldrb	r2, [r2, #1]
  64 001e 2270     		strb	r2, [r4]
 160:.\Generated_Source\PSoC4/cyfitter_cfg.c **** 			j++;
  65              		.loc 1 160 0
  66 0020 0135     		add	r5, r5, #1
  67              	.LVL6:
 161:.\Generated_Source\PSoC4/cyfitter_cfg.c **** 			count--;
ARM GAS  C:\Users\ÑÏÍþºÀ\AppData\Local\Temp\cc35rGKl.s 			page 5


  68              		.loc 1 161 0
  69 0022 013B     		sub	r3, r3, #1
  70              	.LVL7:
  71 0024 DBB2     		uxtb	r3, r3
  72              	.LVL8:
  73              	.L3:
 157:.\Generated_Source\PSoC4/cyfitter_cfg.c **** 		{
  74              		.loc 1 157 0
  75 0026 002B     		cmp	r3, #0
  76 0028 F4D1     		bne	.L4
  77              	.LBE2:
 152:.\Generated_Source\PSoC4/cyfitter_cfg.c **** 	{
  78              		.loc 1 152 0 discriminator 2
  79 002a 0137     		add	r7, r7, #1
  80              	.LVL9:
  81              	.L2:
 152:.\Generated_Source\PSoC4/cyfitter_cfg.c **** 	{
  82              		.loc 1 152 0 is_stmt 0 discriminator 1
  83 002c 032F     		cmp	r7, #3
  84 002e EBD9     		bls	.L5
 162:.\Generated_Source\PSoC4/cyfitter_cfg.c **** 		}
 163:.\Generated_Source\PSoC4/cyfitter_cfg.c **** 	}
 164:.\Generated_Source\PSoC4/cyfitter_cfg.c **** }
  85              		.loc 1 164 0 is_stmt 1
  86              		@ sp needed
  87              	.LVL10:
  88              	.LVL11:
  89 0030 F0BD     		pop	{r4, r5, r6, r7, pc}
  90              		.cfi_endproc
  91              	.LFE3:
  92              		.size	cfg_write_bytes32, .-cfg_write_bytes32
  93 0032 C046     		.section	.text.CYMEMZERO,"ax",%progbits
  94              		.align	2
  95              		.code	16
  96              		.thumb_func
  97              		.type	CYMEMZERO, %function
  98              	CYMEMZERO:
  99              	.LFB0:
  60:.\Generated_Source\PSoC4/cyfitter_cfg.c **** 	(void)memset(s, 0, n);
 100              		.loc 1 60 0
 101              		.cfi_startproc
 102              	.LVL12:
 103 0000 08B5     		push	{r3, lr}
 104              		.cfi_def_cfa_offset 8
 105              		.cfi_offset 3, -8
 106              		.cfi_offset 14, -4
 107 0002 0A1C     		mov	r2, r1
  61:.\Generated_Source\PSoC4/cyfitter_cfg.c **** }
 108              		.loc 1 61 0
 109 0004 0021     		mov	r1, #0
 110              	.LVL13:
 111 0006 FFF7FEFF 		bl	memset
 112              	.LVL14:
  62:.\Generated_Source\PSoC4/cyfitter_cfg.c **** CY_CFG_UNUSED
 113              		.loc 1 62 0
 114              		@ sp needed
 115 000a 08BD     		pop	{r3, pc}
ARM GAS  C:\Users\ÑÏÍþºÀ\AppData\Local\Temp\cc35rGKl.s 			page 6


 116              		.cfi_endproc
 117              	.LFE0:
 118              		.size	CYMEMZERO, .-CYMEMZERO
 119              		.section	.psocinit,"ax",%progbits
 120              		.align	2
 121              		.code	16
 122              		.thumb_func
 123              		.type	ClockSetup, %function
 124              	ClockSetup:
 125              	.LFB4:
 165:.\Generated_Source\PSoC4/cyfitter_cfg.c **** 
 166:.\Generated_Source\PSoC4/cyfitter_cfg.c **** 
 167:.\Generated_Source\PSoC4/cyfitter_cfg.c **** /*******************************************************************************
 168:.\Generated_Source\PSoC4/cyfitter_cfg.c **** * Function Name: ClockSetup
 169:.\Generated_Source\PSoC4/cyfitter_cfg.c **** ********************************************************************************
 170:.\Generated_Source\PSoC4/cyfitter_cfg.c **** *
 171:.\Generated_Source\PSoC4/cyfitter_cfg.c **** * Summary:
 172:.\Generated_Source\PSoC4/cyfitter_cfg.c **** *   Performs the initialization of all of the clocks in the device based on the
 173:.\Generated_Source\PSoC4/cyfitter_cfg.c **** *   settings in the Clock tab of the DWR.  This includes enabling the requested
 174:.\Generated_Source\PSoC4/cyfitter_cfg.c **** *   clocks and setting the necessary dividers to produce the desired frequency. 
 175:.\Generated_Source\PSoC4/cyfitter_cfg.c **** *
 176:.\Generated_Source\PSoC4/cyfitter_cfg.c **** * Parameters:
 177:.\Generated_Source\PSoC4/cyfitter_cfg.c **** *   void
 178:.\Generated_Source\PSoC4/cyfitter_cfg.c **** *
 179:.\Generated_Source\PSoC4/cyfitter_cfg.c **** * Return:
 180:.\Generated_Source\PSoC4/cyfitter_cfg.c **** *   void
 181:.\Generated_Source\PSoC4/cyfitter_cfg.c **** *
 182:.\Generated_Source\PSoC4/cyfitter_cfg.c **** *******************************************************************************/
 183:.\Generated_Source\PSoC4/cyfitter_cfg.c **** static void ClockSetup(void);
 184:.\Generated_Source\PSoC4/cyfitter_cfg.c **** CY_CFG_SECTION
 185:.\Generated_Source\PSoC4/cyfitter_cfg.c **** static void ClockSetup(void)
 186:.\Generated_Source\PSoC4/cyfitter_cfg.c **** {
 126              		.loc 1 186 0
 127              		.cfi_startproc
 128 0000 10B5     		push	{r4, lr}
 129              		.cfi_def_cfa_offset 8
 130              		.cfi_offset 4, -8
 131              		.cfi_offset 14, -4
 187:.\Generated_Source\PSoC4/cyfitter_cfg.c **** 	/* Enable HALF_EN before trimming for the flash accelerator. */
 188:.\Generated_Source\PSoC4/cyfitter_cfg.c **** 	CY_SET_REG32((void CYXDATA *)(CYREG_CLK_SELECT), (CY_GET_REG32((void *)CYREG_CLK_SELECT) | 0x00040
 132              		.loc 1 188 0
 133 0002 164C     		ldr	r4, .L8
 134 0004 2368     		ldr	r3, [r4]
 135 0006 8022     		mov	r2, #128
 136 0008 D202     		lsl	r2, r2, #11
 137 000a 1343     		orr	r3, r2
 138 000c 2360     		str	r3, [r4]
 189:.\Generated_Source\PSoC4/cyfitter_cfg.c **** 
 190:.\Generated_Source\PSoC4/cyfitter_cfg.c **** 	/* Setup and trim IMO based on desired frequency. */
 191:.\Generated_Source\PSoC4/cyfitter_cfg.c **** 	CySysClkWriteImoFreq(24u);
 139              		.loc 1 191 0
 140 000e 1820     		mov	r0, #24
 141 0010 FFF7FEFF 		bl	CySysClkWriteImoFreq
 142              	.LVL15:
 192:.\Generated_Source\PSoC4/cyfitter_cfg.c **** 
 193:.\Generated_Source\PSoC4/cyfitter_cfg.c **** 	/* Disable HALF_EN since it is not required at this IMO frequency. */
 194:.\Generated_Source\PSoC4/cyfitter_cfg.c **** 	CY_SET_REG32((void CYXDATA *)(CYREG_CLK_SELECT), (CY_GET_REG32((void *)CYREG_CLK_SELECT) & 0xFFFBF
ARM GAS  C:\Users\ÑÏÍþºÀ\AppData\Local\Temp\cc35rGKl.s 			page 7


 143              		.loc 1 194 0
 144 0014 2268     		ldr	r2, [r4]
 145 0016 124B     		ldr	r3, .L8+4
 146 0018 1340     		and	r3, r2
 147 001a 2360     		str	r3, [r4]
 195:.\Generated_Source\PSoC4/cyfitter_cfg.c **** 	/* CYDEV_CLK_ILO_CONFIG Starting address: CYDEV_CLK_ILO_CONFIG */
 196:.\Generated_Source\PSoC4/cyfitter_cfg.c **** 	CY_SET_XTND_REG32((void CYFAR *)(CYREG_CLK_ILO_CONFIG), 0x80000006u);
 148              		.loc 1 196 0
 149 001c 114A     		ldr	r2, .L8+8
 150 001e 124B     		ldr	r3, .L8+12
 151 0020 1A60     		str	r2, [r3]
 197:.\Generated_Source\PSoC4/cyfitter_cfg.c **** 
 198:.\Generated_Source\PSoC4/cyfitter_cfg.c **** 
 199:.\Generated_Source\PSoC4/cyfitter_cfg.c **** 	/* CYDEV_CLK_SELECT00 Starting address: CYDEV_CLK_SELECT00 */
 200:.\Generated_Source\PSoC4/cyfitter_cfg.c **** 	CY_SET_XTND_REG32((void CYFAR *)(CYREG_CLK_SELECT03), 0x00000020u);
 152              		.loc 1 200 0
 153 0022 2022     		mov	r2, #32
 154 0024 114B     		ldr	r3, .L8+16
 155 0026 1A60     		str	r2, [r3]
 201:.\Generated_Source\PSoC4/cyfitter_cfg.c **** 	CY_SET_XTND_REG32((void CYFAR *)(CYREG_CLK_SELECT08), 0x00000010u);
 156              		.loc 1 201 0
 157 0028 1023     		mov	r3, #16
 158 002a 114A     		ldr	r2, .L8+20
 159 002c 1360     		str	r3, [r2]
 202:.\Generated_Source\PSoC4/cyfitter_cfg.c **** 	CY_SET_XTND_REG32((void CYFAR *)(CYREG_CLK_SELECT09), 0x00000010u);
 160              		.loc 1 202 0
 161 002e 114A     		ldr	r2, .L8+24
 162 0030 1360     		str	r3, [r2]
 203:.\Generated_Source\PSoC4/cyfitter_cfg.c **** 
 204:.\Generated_Source\PSoC4/cyfitter_cfg.c **** 	/* CYDEV_CLK_IMO_CONFIG Starting address: CYDEV_CLK_IMO_CONFIG */
 205:.\Generated_Source\PSoC4/cyfitter_cfg.c **** 	CY_SET_XTND_REG32((void CYFAR *)(CYREG_CLK_IMO_CONFIG), 0x80000000u);
 163              		.loc 1 205 0
 164 0032 8022     		mov	r2, #128
 165 0034 1206     		lsl	r2, r2, #24
 166 0036 104B     		ldr	r3, .L8+28
 167 0038 1A60     		str	r2, [r3]
 206:.\Generated_Source\PSoC4/cyfitter_cfg.c **** 
 207:.\Generated_Source\PSoC4/cyfitter_cfg.c **** 	/* CYDEV_CLK_DIVIDER_A00 Starting address: CYDEV_CLK_DIVIDER_A00 */
 208:.\Generated_Source\PSoC4/cyfitter_cfg.c **** 	CY_SET_XTND_REG32((void CYFAR *)(CYREG_CLK_DIVIDER_A00), 0x80000007u);
 168              		.loc 1 208 0
 169 003a 104A     		ldr	r2, .L8+32
 170 003c 104B     		ldr	r3, .L8+36
 171 003e 1A60     		str	r2, [r3]
 209:.\Generated_Source\PSoC4/cyfitter_cfg.c **** 
 210:.\Generated_Source\PSoC4/cyfitter_cfg.c **** 	/* CYDEV_CLK_DIVIDER_B00 Starting address: CYDEV_CLK_DIVIDER_B00 */
 211:.\Generated_Source\PSoC4/cyfitter_cfg.c **** 	CY_SET_XTND_REG32((void CYFAR *)(CYREG_CLK_DIVIDER_B00), 0x800000CFu);
 172              		.loc 1 211 0
 173 0040 104A     		ldr	r2, .L8+40
 174 0042 114B     		ldr	r3, .L8+44
 175 0044 1A60     		str	r2, [r3]
 212:.\Generated_Source\PSoC4/cyfitter_cfg.c **** 
 213:.\Generated_Source\PSoC4/cyfitter_cfg.c **** 	(void)CyIntSetVector(9u, &CySysWdtIsr);
 176              		.loc 1 213 0
 177 0046 0920     		mov	r0, #9
 178 0048 1049     		ldr	r1, .L8+48
 179 004a FFF7FEFF 		bl	CyIntSetVector
 180              	.LVL16:
ARM GAS  C:\Users\ÑÏÍþºÀ\AppData\Local\Temp\cc35rGKl.s 			page 8


 214:.\Generated_Source\PSoC4/cyfitter_cfg.c **** 	CyIntEnable(9u);
 181              		.loc 1 214 0
 182 004e 0920     		mov	r0, #9
 183 0050 FFF7FEFF 		bl	CyIntEnable
 184              	.LVL17:
 215:.\Generated_Source\PSoC4/cyfitter_cfg.c **** 	CY_SET_XTND_REG32((void CYFAR *)(CYREG_WDT_CONFIG), 0x00000000u);
 185              		.loc 1 215 0
 186 0054 0022     		mov	r2, #0
 187 0056 0E4B     		ldr	r3, .L8+52
 188 0058 1A60     		str	r2, [r3]
 216:.\Generated_Source\PSoC4/cyfitter_cfg.c **** }
 189              		.loc 1 216 0
 190              		@ sp needed
 191 005a 10BD     		pop	{r4, pc}
 192              	.L9:
 193              		.align	2
 194              	.L8:
 195 005c 00010B40 		.word	1074462976
 196 0060 FFFFFBFF 		.word	-262145
 197 0064 06000080 		.word	-2147483642
 198 0068 04010B40 		.word	1074462980
 199 006c 0C020240 		.word	1073873420
 200 0070 20020240 		.word	1073873440
 201 0074 24020240 		.word	1073873444
 202 0078 08010B40 		.word	1074462984
 203 007c 07000080 		.word	-2147483641
 204 0080 00000240 		.word	1073872896
 205 0084 CF000080 		.word	-2147483441
 206 0088 40000240 		.word	1073872960
 207 008c 00000000 		.word	CySysWdtIsr
 208 0090 0C020B40 		.word	1074463244
 209              		.cfi_endproc
 210              	.LFE4:
 211              		.size	ClockSetup, .-ClockSetup
 212              		.align	2
 213              		.global	cyfitter_cfg
 214              		.code	16
 215              		.thumb_func
 216              		.type	cyfitter_cfg, %function
 217              	cyfitter_cfg:
 218              	.LFB6:
 217:.\Generated_Source\PSoC4/cyfitter_cfg.c **** 
 218:.\Generated_Source\PSoC4/cyfitter_cfg.c **** 
 219:.\Generated_Source\PSoC4/cyfitter_cfg.c **** /* Analog API Functions */
 220:.\Generated_Source\PSoC4/cyfitter_cfg.c **** 
 221:.\Generated_Source\PSoC4/cyfitter_cfg.c **** 
 222:.\Generated_Source\PSoC4/cyfitter_cfg.c **** /*******************************************************************************
 223:.\Generated_Source\PSoC4/cyfitter_cfg.c **** * Function Name: AnalogSetDefault
 224:.\Generated_Source\PSoC4/cyfitter_cfg.c **** ********************************************************************************
 225:.\Generated_Source\PSoC4/cyfitter_cfg.c **** *
 226:.\Generated_Source\PSoC4/cyfitter_cfg.c **** * Summary:
 227:.\Generated_Source\PSoC4/cyfitter_cfg.c **** *  Sets up the analog portions of the chip to default values based on chip
 228:.\Generated_Source\PSoC4/cyfitter_cfg.c **** *  configuration options from the project.
 229:.\Generated_Source\PSoC4/cyfitter_cfg.c **** *
 230:.\Generated_Source\PSoC4/cyfitter_cfg.c **** * Parameters:
 231:.\Generated_Source\PSoC4/cyfitter_cfg.c **** *  void
 232:.\Generated_Source\PSoC4/cyfitter_cfg.c **** *
ARM GAS  C:\Users\ÑÏÍþºÀ\AppData\Local\Temp\cc35rGKl.s 			page 9


 233:.\Generated_Source\PSoC4/cyfitter_cfg.c **** * Return:
 234:.\Generated_Source\PSoC4/cyfitter_cfg.c **** *  void
 235:.\Generated_Source\PSoC4/cyfitter_cfg.c **** *
 236:.\Generated_Source\PSoC4/cyfitter_cfg.c **** *******************************************************************************/
 237:.\Generated_Source\PSoC4/cyfitter_cfg.c **** static void AnalogSetDefault(void);
 238:.\Generated_Source\PSoC4/cyfitter_cfg.c **** static void AnalogSetDefault(void)
 239:.\Generated_Source\PSoC4/cyfitter_cfg.c **** {
 240:.\Generated_Source\PSoC4/cyfitter_cfg.c **** }
 241:.\Generated_Source\PSoC4/cyfitter_cfg.c **** 
 242:.\Generated_Source\PSoC4/cyfitter_cfg.c **** #define CY_AMUX_UNUSED CYREG_CM0_ROM_DWT
 243:.\Generated_Source\PSoC4/cyfitter_cfg.c **** 
 244:.\Generated_Source\PSoC4/cyfitter_cfg.c **** 
 245:.\Generated_Source\PSoC4/cyfitter_cfg.c **** /*******************************************************************************
 246:.\Generated_Source\PSoC4/cyfitter_cfg.c **** * Function Name: cyfitter_cfg
 247:.\Generated_Source\PSoC4/cyfitter_cfg.c **** ********************************************************************************
 248:.\Generated_Source\PSoC4/cyfitter_cfg.c **** * Summary:
 249:.\Generated_Source\PSoC4/cyfitter_cfg.c **** *  This function is called by the start-up code for the selected device. It
 250:.\Generated_Source\PSoC4/cyfitter_cfg.c **** *  performs all of the necessary device configuration based on the design
 251:.\Generated_Source\PSoC4/cyfitter_cfg.c **** *  settings.  This includes settings from the Design Wide Resources (DWR) such
 252:.\Generated_Source\PSoC4/cyfitter_cfg.c **** *  as Clocks and Pins as well as any component configuration that is necessary.
 253:.\Generated_Source\PSoC4/cyfitter_cfg.c **** *
 254:.\Generated_Source\PSoC4/cyfitter_cfg.c **** * Parameters:  
 255:.\Generated_Source\PSoC4/cyfitter_cfg.c **** *   void
 256:.\Generated_Source\PSoC4/cyfitter_cfg.c **** *
 257:.\Generated_Source\PSoC4/cyfitter_cfg.c **** * Return:
 258:.\Generated_Source\PSoC4/cyfitter_cfg.c **** *   void
 259:.\Generated_Source\PSoC4/cyfitter_cfg.c **** *
 260:.\Generated_Source\PSoC4/cyfitter_cfg.c **** *******************************************************************************/
 261:.\Generated_Source\PSoC4/cyfitter_cfg.c **** CY_CFG_SECTION
 262:.\Generated_Source\PSoC4/cyfitter_cfg.c **** void cyfitter_cfg(void)
 263:.\Generated_Source\PSoC4/cyfitter_cfg.c **** {
 219              		.loc 1 263 0
 220              		.cfi_startproc
 221 0094 10B5     		push	{r4, lr}
 222              		.cfi_def_cfa_offset 8
 223              		.cfi_offset 4, -8
 224              		.cfi_offset 14, -4
 264:.\Generated_Source\PSoC4/cyfitter_cfg.c **** 	/* Disable interrupts by default. Let user enable if/when they want. */
 265:.\Generated_Source\PSoC4/cyfitter_cfg.c **** 	CyGlobalIntDisable;
 225              		.loc 1 265 0
 226              	@ 265 ".\Generated_Source\PSoC4\cyfitter_cfg.c" 1
 227 0096 72B6     		CPSID   i
 228              	@ 0 "" 2
 229              	.LVL18:
 230              		.code	16
 231              	.LBB3:
 266:.\Generated_Source\PSoC4/cyfitter_cfg.c **** 
 267:.\Generated_Source\PSoC4/cyfitter_cfg.c **** 	{
 268:.\Generated_Source\PSoC4/cyfitter_cfg.c **** 		static const uint32 CYCODE cy_cfg_addr_table[] = {
 269:.\Generated_Source\PSoC4/cyfitter_cfg.c **** 			0x400F3301u, /* Base address: 0x400F3300 Count: 1 */
 270:.\Generated_Source\PSoC4/cyfitter_cfg.c **** 			0x400F4002u, /* Base address: 0x400F4000 Count: 2 */
 271:.\Generated_Source\PSoC4/cyfitter_cfg.c **** 			0x400F4102u, /* Base address: 0x400F4100 Count: 2 */
 272:.\Generated_Source\PSoC4/cyfitter_cfg.c **** 			0x400F4307u, /* Base address: 0x400F4300 Count: 7 */
 273:.\Generated_Source\PSoC4/cyfitter_cfg.c **** 		};
 274:.\Generated_Source\PSoC4/cyfitter_cfg.c **** 
 275:.\Generated_Source\PSoC4/cyfitter_cfg.c **** 		static const cy_cfg_addrvalue_t CYCODE cy_cfg_data_table[] = {
 276:.\Generated_Source\PSoC4/cyfitter_cfg.c **** 			{0xE6u, 0x20u},
ARM GAS  C:\Users\ÑÏÍþºÀ\AppData\Local\Temp\cc35rGKl.s 			page 10


 277:.\Generated_Source\PSoC4/cyfitter_cfg.c **** 			{0x56u, 0x80u},
 278:.\Generated_Source\PSoC4/cyfitter_cfg.c **** 			{0xD4u, 0x40u},
 279:.\Generated_Source\PSoC4/cyfitter_cfg.c **** 			{0x8Au, 0x80u},
 280:.\Generated_Source\PSoC4/cyfitter_cfg.c **** 			{0x9Eu, 0x80u},
 281:.\Generated_Source\PSoC4/cyfitter_cfg.c **** 			{0x18u, 0x10u},
 282:.\Generated_Source\PSoC4/cyfitter_cfg.c **** 			{0x1Cu, 0x80u},
 283:.\Generated_Source\PSoC4/cyfitter_cfg.c **** 			{0x60u, 0x10u},
 284:.\Generated_Source\PSoC4/cyfitter_cfg.c **** 			{0x88u, 0x40u},
 285:.\Generated_Source\PSoC4/cyfitter_cfg.c **** 			{0xC6u, 0x0Cu},
 286:.\Generated_Source\PSoC4/cyfitter_cfg.c **** 			{0xD8u, 0x02u},
 287:.\Generated_Source\PSoC4/cyfitter_cfg.c **** 			{0xE6u, 0x04u},
 288:.\Generated_Source\PSoC4/cyfitter_cfg.c **** 		};
 289:.\Generated_Source\PSoC4/cyfitter_cfg.c **** 
 290:.\Generated_Source\PSoC4/cyfitter_cfg.c **** 
 291:.\Generated_Source\PSoC4/cyfitter_cfg.c **** 
 292:.\Generated_Source\PSoC4/cyfitter_cfg.c **** 		CYPACKED typedef struct {
 293:.\Generated_Source\PSoC4/cyfitter_cfg.c **** 			void CYFAR *address;
 294:.\Generated_Source\PSoC4/cyfitter_cfg.c **** 			uint16 size;
 295:.\Generated_Source\PSoC4/cyfitter_cfg.c **** 		} CYPACKED_ATTR cfg_memset_t;
 296:.\Generated_Source\PSoC4/cyfitter_cfg.c **** 
 297:.\Generated_Source\PSoC4/cyfitter_cfg.c **** 		static const cfg_memset_t CYCODE cfg_memset_list [] = {
 298:.\Generated_Source\PSoC4/cyfitter_cfg.c **** 			/* address, size */
 299:.\Generated_Source\PSoC4/cyfitter_cfg.c **** 			{(void CYFAR *)(CYDEV_UDB_P0_U0_BASE), 1024u},
 300:.\Generated_Source\PSoC4/cyfitter_cfg.c **** 			{(void CYFAR *)(CYDEV_UDB_DSI0_BASE), 1024u},
 301:.\Generated_Source\PSoC4/cyfitter_cfg.c **** 		};
 302:.\Generated_Source\PSoC4/cyfitter_cfg.c **** 
 303:.\Generated_Source\PSoC4/cyfitter_cfg.c **** 		uint8 CYDATA i;
 304:.\Generated_Source\PSoC4/cyfitter_cfg.c **** 
 305:.\Generated_Source\PSoC4/cyfitter_cfg.c **** 		/* Zero out critical memory blocks before beginning configuration */
 306:.\Generated_Source\PSoC4/cyfitter_cfg.c **** 		for (i = 0u; i < (sizeof(cfg_memset_list)/sizeof(cfg_memset_list[0])); i++)
 232              		.loc 1 306 0
 233 0098 0024     		mov	r4, #0
 234 009a 10E0     		b	.L11
 235              	.LVL19:
 236              	.L12:
 237              	.LBB4:
 307:.\Generated_Source\PSoC4/cyfitter_cfg.c **** 		{
 308:.\Generated_Source\PSoC4/cyfitter_cfg.c **** 			const cfg_memset_t CYCODE * CYDATA ms = &cfg_memset_list[i];
 309:.\Generated_Source\PSoC4/cyfitter_cfg.c **** 			CYMEMZERO(ms->address, (size_t)(uint32)(ms->size));
 238              		.loc 1 309 0 discriminator 3
 239 009c 2748     		ldr	r0, .L13
 240 009e 6300     		lsl	r3, r4, #1
 241 00a0 1A19     		add	r2, r3, r4
 242 00a2 5200     		lsl	r2, r2, #1
 243 00a4 8218     		add	r2, r0, r2
 244 00a6 9188     		ldrh	r1, [r2, #4]
 245 00a8 1B19     		add	r3, r3, r4
 246 00aa 5B00     		lsl	r3, r3, #1
 247 00ac 1A5A     		ldrh	r2, [r3, r0]
 248 00ae C318     		add	r3, r0, r3
 249 00b0 5888     		ldrh	r0, [r3, #2]
 250 00b2 0004     		lsl	r0, r0, #16
 251 00b4 1043     		orr	r0, r2
 252 00b6 FFF7FEFF 		bl	CYMEMZERO
 253              	.LVL20:
 254              	.LBE4:
 306:.\Generated_Source\PSoC4/cyfitter_cfg.c **** 		{
ARM GAS  C:\Users\ÑÏÍþºÀ\AppData\Local\Temp\cc35rGKl.s 			page 11


 255              		.loc 1 306 0 discriminator 3
 256 00ba 0134     		add	r4, r4, #1
 257              	.LVL21:
 258 00bc E4B2     		uxtb	r4, r4
 259              	.LVL22:
 260              	.L11:
 306:.\Generated_Source\PSoC4/cyfitter_cfg.c **** 		{
 261              		.loc 1 306 0 is_stmt 0 discriminator 1
 262 00be 012C     		cmp	r4, #1
 263 00c0 ECD9     		bls	.L12
 310:.\Generated_Source\PSoC4/cyfitter_cfg.c **** 		}
 311:.\Generated_Source\PSoC4/cyfitter_cfg.c **** 
 312:.\Generated_Source\PSoC4/cyfitter_cfg.c **** 		cfg_write_bytes32(cy_cfg_addr_table, cy_cfg_data_table);
 264              		.loc 1 312 0 is_stmt 1
 265 00c2 1E49     		ldr	r1, .L13
 266 00c4 081C     		mov	r0, r1
 267 00c6 0C30     		add	r0, r0, #12
 268 00c8 1C31     		add	r1, r1, #28
 269 00ca FFF7FEFF 		bl	cfg_write_bytes32
 270              	.LVL23:
 313:.\Generated_Source\PSoC4/cyfitter_cfg.c **** 
 314:.\Generated_Source\PSoC4/cyfitter_cfg.c **** 		/* HSIOM Starting address: CYDEV_HSIOM_BASE */
 315:.\Generated_Source\PSoC4/cyfitter_cfg.c **** 		CY_SET_XTND_REG32((void CYFAR *)(CYDEV_HSIOM_BASE), 0x00990003u);
 271              		.loc 1 315 0
 272 00ce 1C4A     		ldr	r2, .L13+4
 273 00d0 1C4B     		ldr	r3, .L13+8
 274 00d2 1A60     		str	r2, [r3]
 316:.\Generated_Source\PSoC4/cyfitter_cfg.c **** 		CY_SET_XTND_REG32((void CYFAR *)(CYREG_HSIOM_PORT_SEL3), 0x3000EE00u);
 275              		.loc 1 316 0
 276 00d4 1C4A     		ldr	r2, .L13+12
 277 00d6 1D4B     		ldr	r3, .L13+16
 278 00d8 1A60     		str	r2, [r3]
 317:.\Generated_Source\PSoC4/cyfitter_cfg.c **** 
 318:.\Generated_Source\PSoC4/cyfitter_cfg.c **** 		/* UDB_PA_0 Starting address: CYDEV_UDB_PA0_BASE */
 319:.\Generated_Source\PSoC4/cyfitter_cfg.c **** 		CY_SET_XTND_REG32((void CYFAR *)(CYDEV_UDB_PA0_BASE), 0x00990000u);
 279              		.loc 1 319 0
 280 00da 9923     		mov	r3, #153
 281 00dc 1B04     		lsl	r3, r3, #16
 282 00de 1C4A     		ldr	r2, .L13+20
 283 00e0 1360     		str	r3, [r2]
 320:.\Generated_Source\PSoC4/cyfitter_cfg.c **** 		CY_SET_XTND_REG32((void CYFAR *)(CYREG_UDB_PA0_CFG8), 0x00010000u);
 284              		.loc 1 320 0
 285 00e2 8021     		mov	r1, #128
 286 00e4 4902     		lsl	r1, r1, #9
 287 00e6 1B4A     		ldr	r2, .L13+24
 288 00e8 1160     		str	r1, [r2]
 321:.\Generated_Source\PSoC4/cyfitter_cfg.c **** 
 322:.\Generated_Source\PSoC4/cyfitter_cfg.c **** 		/* UDB_PA_3 Starting address: CYDEV_UDB_PA3_BASE */
 323:.\Generated_Source\PSoC4/cyfitter_cfg.c **** 		CY_SET_XTND_REG32((void CYFAR *)(CYDEV_UDB_PA3_BASE), 0x00990000u);
 289              		.loc 1 323 0
 290 00ea 1B4A     		ldr	r2, .L13+28
 291 00ec 1360     		str	r3, [r2]
 324:.\Generated_Source\PSoC4/cyfitter_cfg.c **** 		CY_SET_XTND_REG32((void CYFAR *)(CYREG_UDB_PA3_CFG8), 0x80000000u);
 292              		.loc 1 324 0
 293 00ee 8022     		mov	r2, #128
 294 00f0 1206     		lsl	r2, r2, #24
 295 00f2 1A4B     		ldr	r3, .L13+32
ARM GAS  C:\Users\ÑÏÍþºÀ\AppData\Local\Temp\cc35rGKl.s 			page 12


 296 00f4 1A60     		str	r2, [r3]
 325:.\Generated_Source\PSoC4/cyfitter_cfg.c **** 
 326:.\Generated_Source\PSoC4/cyfitter_cfg.c **** 		/* Enable digital routing */
 327:.\Generated_Source\PSoC4/cyfitter_cfg.c **** 		CY_SET_XTND_REG8((void *)CYREG_UDB_UDBIF_BANK_CTL, CY_GET_XTND_REG8((void *)CYREG_UDB_UDBIF_BANK_
 297              		.loc 1 327 0
 298 00f6 1A4B     		ldr	r3, .L13+36
 299 00f8 1978     		ldrb	r1, [r3]
 300 00fa 0222     		mov	r2, #2
 301 00fc 0A43     		orr	r2, r1
 302 00fe 1A70     		strb	r2, [r3]
 328:.\Generated_Source\PSoC4/cyfitter_cfg.c **** 
 329:.\Generated_Source\PSoC4/cyfitter_cfg.c **** 		/* Enable UDB array */
 330:.\Generated_Source\PSoC4/cyfitter_cfg.c **** 		CY_SET_XTND_REG8((void *)CYREG_UDB_UDBIF_WAIT_CFG, (uint8)((CY_GET_XTND_REG8((void *)CYREG_UDB_UD
 303              		.loc 1 330 0
 304 0100 1848     		ldr	r0, .L13+40
 305 0102 0278     		ldrb	r2, [r0]
 306 0104 3C21     		mov	r1, #60
 307 0106 8A43     		bic	r2, r1
 308 0108 2839     		sub	r1, r1, #40
 309 010a 0A43     		orr	r2, r1
 310 010c 0270     		strb	r2, [r0]
 331:.\Generated_Source\PSoC4/cyfitter_cfg.c **** 		CY_SET_XTND_REG8((void *)CYREG_UDB_UDBIF_BANK_CTL, (uint8)(CY_GET_XTND_REG8((void *)CYREG_UDB_UDB
 311              		.loc 1 331 0
 312 010e 1978     		ldrb	r1, [r3]
 313 0110 1622     		mov	r2, #22
 314 0112 0A43     		orr	r2, r1
 315 0114 1A70     		strb	r2, [r3]
 316              	.LBE3:
 332:.\Generated_Source\PSoC4/cyfitter_cfg.c **** 	}
 333:.\Generated_Source\PSoC4/cyfitter_cfg.c **** 
 334:.\Generated_Source\PSoC4/cyfitter_cfg.c **** 	/* Perform second pass device configuration. These items must be configured in specific order afte
 335:.\Generated_Source\PSoC4/cyfitter_cfg.c **** 	/* IOPINS0_0 Starting address: CYDEV_PRT0_BASE */
 336:.\Generated_Source\PSoC4/cyfitter_cfg.c **** 	CY_SET_XTND_REG32((void CYFAR *)(CYDEV_PRT0_BASE), 0x00000021u);
 317              		.loc 1 336 0
 318 0116 2122     		mov	r2, #33
 319 0118 134B     		ldr	r3, .L13+44
 320 011a 1A60     		str	r2, [r3]
 337:.\Generated_Source\PSoC4/cyfitter_cfg.c **** 	CY_SET_XTND_REG32((void CYFAR *)(CYREG_PRT0_PC), 0x00031006u);
 321              		.loc 1 337 0
 322 011c 134A     		ldr	r2, .L13+48
 323 011e 144B     		ldr	r3, .L13+52
 324 0120 1A60     		str	r2, [r3]
 338:.\Generated_Source\PSoC4/cyfitter_cfg.c **** 	CY_SET_XTND_REG32((void CYFAR *)(CYREG_PRT0_PC2), 0x00000020u);
 325              		.loc 1 338 0
 326 0122 2022     		mov	r2, #32
 327 0124 134B     		ldr	r3, .L13+56
 328 0126 1A60     		str	r2, [r3]
 339:.\Generated_Source\PSoC4/cyfitter_cfg.c **** 
 340:.\Generated_Source\PSoC4/cyfitter_cfg.c **** 	/* IOPINS0_3 Starting address: CYDEV_PRT3_BASE */
 341:.\Generated_Source\PSoC4/cyfitter_cfg.c **** 	CY_SET_XTND_REG32((void CYFAR *)(CYDEV_PRT3_BASE), 0x00000080u);
 329              		.loc 1 341 0
 330 0128 6032     		add	r2, r2, #96
 331 012a 134B     		ldr	r3, .L13+60
 332 012c 1A60     		str	r2, [r3]
 342:.\Generated_Source\PSoC4/cyfitter_cfg.c **** 	CY_SET_XTND_REG32((void CYFAR *)(CYREG_PRT3_PC), 0x00C00D80u);
 333              		.loc 1 342 0
 334 012e 134A     		ldr	r2, .L13+64
ARM GAS  C:\Users\ÑÏÍþºÀ\AppData\Local\Temp\cc35rGKl.s 			page 13


 335 0130 134B     		ldr	r3, .L13+68
 336 0132 1A60     		str	r2, [r3]
 343:.\Generated_Source\PSoC4/cyfitter_cfg.c **** 
 344:.\Generated_Source\PSoC4/cyfitter_cfg.c **** 	/* Setup clocks based on selections from Clock DWR */
 345:.\Generated_Source\PSoC4/cyfitter_cfg.c **** 	ClockSetup();
 337              		.loc 1 345 0
 338 0134 FFF764FF 		bl	ClockSetup
 339              	.LVL24:
 346:.\Generated_Source\PSoC4/cyfitter_cfg.c **** 
 347:.\Generated_Source\PSoC4/cyfitter_cfg.c **** 	/* Perform basic analog initialization to defaults */
 348:.\Generated_Source\PSoC4/cyfitter_cfg.c **** 	AnalogSetDefault();
 349:.\Generated_Source\PSoC4/cyfitter_cfg.c **** 
 350:.\Generated_Source\PSoC4/cyfitter_cfg.c **** }
 340              		.loc 1 350 0
 341              		@ sp needed
 342              	.LVL25:
 343 0138 10BD     		pop	{r4, pc}
 344              	.L14:
 345 013a C046     		.align	2
 346              	.L13:
 347 013c 00000000 		.word	.LANCHOR0
 348 0140 03009900 		.word	10027011
 349 0144 00000140 		.word	1073807360
 350 0148 00EE0030 		.word	805367296
 351 014c 0C000140 		.word	1073807372
 352 0150 00500F40 		.word	1074745344
 353 0154 08500F40 		.word	1074745352
 354 0158 30500F40 		.word	1074745392
 355 015c 38500F40 		.word	1074745400
 356 0160 00700F40 		.word	1074753536
 357 0164 01700F40 		.word	1074753537
 358 0168 00000440 		.word	1074003968
 359 016c 06100300 		.word	200710
 360 0170 08000440 		.word	1074003976
 361 0174 18000440 		.word	1074003992
 362 0178 00030440 		.word	1074004736
 363 017c 800DC000 		.word	12586368
 364 0180 08030440 		.word	1074004744
 365              		.cfi_endproc
 366              	.LFE6:
 367              		.size	cyfitter_cfg, .-cyfitter_cfg
 368              		.section	.rodata
 369              		.align	2
 370              		.set	.LANCHOR0,. + 0
 371              		.type	cfg_memset_list.4737, %object
 372              		.size	cfg_memset_list.4737, 12
 373              	cfg_memset_list.4737:
 374 0000 00300F40 		.word	1074737152
 375 0004 0004     		.short	1024
 376 0006 00400F40 		.4byte	1074741248
 377 000a 0004     		.short	1024
 378              		.type	cy_cfg_addr_table.4731, %object
 379              		.size	cy_cfg_addr_table.4731, 16
 380              	cy_cfg_addr_table.4731:
 381 000c 01330F40 		.word	1074737921
 382 0010 02400F40 		.word	1074741250
 383 0014 02410F40 		.word	1074741506
ARM GAS  C:\Users\ÑÏÍþºÀ\AppData\Local\Temp\cc35rGKl.s 			page 14


 384 0018 07430F40 		.word	1074742023
 385              		.type	cy_cfg_data_table.4732, %object
 386              		.size	cy_cfg_data_table.4732, 24
 387              	cy_cfg_data_table.4732:
 388 001c E6       		.byte	-26
 389 001d 20       		.byte	32
 390 001e 56       		.byte	86
 391 001f 80       		.byte	-128
 392 0020 D4       		.byte	-44
 393 0021 40       		.byte	64
 394 0022 8A       		.byte	-118
 395 0023 80       		.byte	-128
 396 0024 9E       		.byte	-98
 397 0025 80       		.byte	-128
 398 0026 18       		.byte	24
 399 0027 10       		.byte	16
 400 0028 1C       		.byte	28
 401 0029 80       		.byte	-128
 402 002a 60       		.byte	96
 403 002b 10       		.byte	16
 404 002c 88       		.byte	-120
 405 002d 40       		.byte	64
 406 002e C6       		.byte	-58
 407 002f 0C       		.byte	12
 408 0030 D8       		.byte	-40
 409 0031 02       		.byte	2
 410 0032 E6       		.byte	-26
 411 0033 04       		.byte	4
 412              		.text
 413              	.Letext0:
 414              		.file 2 "c:\\software\\cypress\\psoc creator\\3.3\\psoc creator\\import\\gnu\\arm\\4.9.3\\lib\\gcc
 415              		.file 3 ".\\Generated_Source\\PSoC4\\cytypes.h"
 416              		.file 4 ".\\Generated_Source\\PSoC4\\CyLib.h"
 417              		.section	.debug_info,"",%progbits
 418              	.Ldebug_info0:
 419 0000 B6030000 		.4byte	0x3b6
 420 0004 0400     		.2byte	0x4
 421 0006 00000000 		.4byte	.Ldebug_abbrev0
 422 000a 04       		.byte	0x4
 423 000b 01       		.uleb128 0x1
 424 000c DD010000 		.4byte	.LASF38
 425 0010 01       		.byte	0x1
 426 0011 A2010000 		.4byte	.LASF39
 427 0015 0D000000 		.4byte	.LASF40
 428 0019 00000000 		.4byte	.Ldebug_ranges0+0
 429 001d 00000000 		.4byte	0
 430 0021 00000000 		.4byte	.Ldebug_line0
 431 0025 02       		.uleb128 0x2
 432 0026 04       		.byte	0x4
 433 0027 05       		.byte	0x5
 434 0028 696E7400 		.ascii	"int\000"
 435 002c 03       		.uleb128 0x3
 436 002d 06000000 		.4byte	.LASF11
 437 0031 02       		.byte	0x2
 438 0032 D4       		.byte	0xd4
 439 0033 37000000 		.4byte	0x37
 440 0037 04       		.uleb128 0x4
ARM GAS  C:\Users\ÑÏÍþºÀ\AppData\Local\Temp\cc35rGKl.s 			page 15


 441 0038 04       		.byte	0x4
 442 0039 07       		.byte	0x7
 443 003a 3D010000 		.4byte	.LASF0
 444 003e 04       		.uleb128 0x4
 445 003f 01       		.byte	0x1
 446 0040 06       		.byte	0x6
 447 0041 9A020000 		.4byte	.LASF1
 448 0045 04       		.uleb128 0x4
 449 0046 01       		.byte	0x1
 450 0047 08       		.byte	0x8
 451 0048 DF000000 		.4byte	.LASF2
 452 004c 04       		.uleb128 0x4
 453 004d 02       		.byte	0x2
 454 004e 05       		.byte	0x5
 455 004f 72020000 		.4byte	.LASF3
 456 0053 04       		.uleb128 0x4
 457 0054 02       		.byte	0x2
 458 0055 07       		.byte	0x7
 459 0056 A6020000 		.4byte	.LASF4
 460 005a 04       		.uleb128 0x4
 461 005b 04       		.byte	0x4
 462 005c 05       		.byte	0x5
 463 005d 91020000 		.4byte	.LASF5
 464 0061 04       		.uleb128 0x4
 465 0062 04       		.byte	0x4
 466 0063 07       		.byte	0x7
 467 0064 BD000000 		.4byte	.LASF6
 468 0068 04       		.uleb128 0x4
 469 0069 08       		.byte	0x8
 470 006a 05       		.byte	0x5
 471 006b CA010000 		.4byte	.LASF7
 472 006f 04       		.uleb128 0x4
 473 0070 08       		.byte	0x8
 474 0071 07       		.byte	0x7
 475 0072 5F010000 		.4byte	.LASF8
 476 0076 04       		.uleb128 0x4
 477 0077 04       		.byte	0x4
 478 0078 07       		.byte	0x7
 479 0079 99010000 		.4byte	.LASF9
 480 007d 05       		.uleb128 0x5
 481 007e 04       		.byte	0x4
 482 007f 06       		.uleb128 0x6
 483 0080 04       		.byte	0x4
 484 0081 85000000 		.4byte	0x85
 485 0085 07       		.uleb128 0x7
 486 0086 04       		.uleb128 0x4
 487 0087 01       		.byte	0x1
 488 0088 08       		.byte	0x8
 489 0089 D8010000 		.4byte	.LASF10
 490 008d 03       		.uleb128 0x3
 491 008e CF000000 		.4byte	.LASF12
 492 0092 03       		.byte	0x3
 493 0093 C2       		.byte	0xc2
 494 0094 45000000 		.4byte	0x45
 495 0098 03       		.uleb128 0x3
 496 0099 24010000 		.4byte	.LASF13
 497 009d 03       		.byte	0x3
ARM GAS  C:\Users\ÑÏÍþºÀ\AppData\Local\Temp\cc35rGKl.s 			page 16


 498 009e C3       		.byte	0xc3
 499 009f 53000000 		.4byte	0x53
 500 00a3 03       		.uleb128 0x3
 501 00a4 36010000 		.4byte	.LASF14
 502 00a8 03       		.byte	0x3
 503 00a9 C4       		.byte	0xc4
 504 00aa 61000000 		.4byte	0x61
 505 00ae 04       		.uleb128 0x4
 506 00af 04       		.byte	0x4
 507 00b0 04       		.byte	0x4
 508 00b1 9D000000 		.4byte	.LASF15
 509 00b5 04       		.uleb128 0x4
 510 00b6 08       		.byte	0x8
 511 00b7 04       		.byte	0x4
 512 00b8 F4000000 		.4byte	.LASF16
 513 00bc 08       		.uleb128 0x8
 514 00bd B8000000 		.4byte	.LASF17
 515 00c1 03       		.byte	0x3
 516 00c2 6C01     		.2byte	0x16c
 517 00c4 C8000000 		.4byte	0xc8
 518 00c8 09       		.uleb128 0x9
 519 00c9 8D000000 		.4byte	0x8d
 520 00cd 08       		.uleb128 0x8
 521 00ce 00000000 		.4byte	.LASF18
 522 00d2 03       		.byte	0x3
 523 00d3 6E01     		.2byte	0x16e
 524 00d5 D9000000 		.4byte	0xd9
 525 00d9 09       		.uleb128 0x9
 526 00da A3000000 		.4byte	0xa3
 527 00de 08       		.uleb128 0x8
 528 00df 76010000 		.4byte	.LASF19
 529 00e3 03       		.byte	0x3
 530 00e4 7E01     		.2byte	0x17e
 531 00e6 7F000000 		.4byte	0x7f
 532 00ea 0A       		.uleb128 0xa
 533 00eb 02       		.byte	0x2
 534 00ec 01       		.byte	0x1
 535 00ed 7D       		.byte	0x7d
 536 00ee 0B010000 		.4byte	0x10b
 537 00f2 0B       		.uleb128 0xb
 538 00f3 6B020000 		.4byte	.LASF20
 539 00f7 01       		.byte	0x1
 540 00f8 7F       		.byte	0x7f
 541 00f9 8D000000 		.4byte	0x8d
 542 00fd 00       		.byte	0
 543 00fe 0B       		.uleb128 0xb
 544 00ff 4F000000 		.4byte	.LASF21
 545 0103 01       		.byte	0x1
 546 0104 80       		.byte	0x80
 547 0105 8D000000 		.4byte	0x8d
 548 0109 01       		.byte	0x1
 549 010a 00       		.byte	0
 550 010b 03       		.uleb128 0x3
 551 010c 8A000000 		.4byte	.LASF22
 552 0110 01       		.byte	0x1
 553 0111 81       		.byte	0x81
 554 0112 EA000000 		.4byte	0xea
ARM GAS  C:\Users\ÑÏÍþºÀ\AppData\Local\Temp\cc35rGKl.s 			page 17


 555 0116 0C       		.uleb128 0xc
 556 0117 FB000000 		.4byte	.LASF27
 557 011b 01       		.byte	0x1
 558 011c 94       		.byte	0x94
 559 011d 00000000 		.4byte	.LFB3
 560 0121 32000000 		.4byte	.LFE3-.LFB3
 561 0125 01       		.uleb128 0x1
 562 0126 9C       		.byte	0x9c
 563 0127 88010000 		.4byte	0x188
 564 012b 0D       		.uleb128 0xd
 565 012c 19010000 		.4byte	.LASF23
 566 0130 01       		.byte	0x1
 567 0131 94       		.byte	0x94
 568 0132 88010000 		.4byte	0x188
 569 0136 01       		.uleb128 0x1
 570 0137 50       		.byte	0x50
 571 0138 0D       		.uleb128 0xd
 572 0139 2B010000 		.4byte	.LASF24
 573 013d 01       		.byte	0x1
 574 013e 94       		.byte	0x94
 575 013f 93010000 		.4byte	0x193
 576 0143 01       		.uleb128 0x1
 577 0144 51       		.byte	0x51
 578 0145 0E       		.uleb128 0xe
 579 0146 6900     		.ascii	"i\000"
 580 0148 01       		.byte	0x1
 581 0149 97       		.byte	0x97
 582 014a A3000000 		.4byte	0xa3
 583 014e 00000000 		.4byte	.LLST0
 584 0152 0E       		.uleb128 0xe
 585 0153 6A00     		.ascii	"j\000"
 586 0155 01       		.byte	0x1
 587 0156 97       		.byte	0x97
 588 0157 A3000000 		.4byte	0xa3
 589 015b 1F000000 		.4byte	.LLST1
 590 015f 0F       		.uleb128 0xf
 591 0160 08000000 		.4byte	.LBB2
 592 0164 22000000 		.4byte	.LBE2-.LBB2
 593 0168 10       		.uleb128 0x10
 594 0169 90010000 		.4byte	.LASF25
 595 016d 01       		.byte	0x1
 596 016e 9A       		.byte	0x9a
 597 016f A3000000 		.4byte	0xa3
 598 0173 3E000000 		.4byte	.LLST2
 599 0177 10       		.uleb128 0x10
 600 0178 55000000 		.4byte	.LASF26
 601 017c 01       		.byte	0x1
 602 017d 9B       		.byte	0x9b
 603 017e 8D000000 		.4byte	0x8d
 604 0182 51000000 		.4byte	.LLST3
 605 0186 00       		.byte	0
 606 0187 00       		.byte	0
 607 0188 06       		.uleb128 0x6
 608 0189 04       		.byte	0x4
 609 018a 8E010000 		.4byte	0x18e
 610 018e 11       		.uleb128 0x11
 611 018f A3000000 		.4byte	0xa3
ARM GAS  C:\Users\ÑÏÍþºÀ\AppData\Local\Temp\cc35rGKl.s 			page 18


 612 0193 06       		.uleb128 0x6
 613 0194 04       		.byte	0x4
 614 0195 99010000 		.4byte	0x199
 615 0199 11       		.uleb128 0x11
 616 019a 0B010000 		.4byte	0x10b
 617 019e 0C       		.uleb128 0xc
 618 019f D5000000 		.4byte	.LASF28
 619 01a3 01       		.byte	0x1
 620 01a4 3B       		.byte	0x3b
 621 01a5 00000000 		.4byte	.LFB0
 622 01a9 0C000000 		.4byte	.LFE0-.LFB0
 623 01ad 01       		.uleb128 0x1
 624 01ae 9C       		.byte	0x9c
 625 01af EB010000 		.4byte	0x1eb
 626 01b3 12       		.uleb128 0x12
 627 01b4 7300     		.ascii	"s\000"
 628 01b6 01       		.byte	0x1
 629 01b7 3B       		.byte	0x3b
 630 01b8 7D000000 		.4byte	0x7d
 631 01bc 6F000000 		.4byte	.LLST4
 632 01c0 12       		.uleb128 0x12
 633 01c1 6E00     		.ascii	"n\000"
 634 01c3 01       		.byte	0x1
 635 01c4 3B       		.byte	0x3b
 636 01c5 2C000000 		.4byte	0x2c
 637 01c9 90000000 		.4byte	.LLST5
 638 01cd 13       		.uleb128 0x13
 639 01ce 0A000000 		.4byte	.LVL14
 640 01d2 64030000 		.4byte	0x364
 641 01d6 14       		.uleb128 0x14
 642 01d7 01       		.uleb128 0x1
 643 01d8 52       		.byte	0x52
 644 01d9 03       		.uleb128 0x3
 645 01da F3       		.byte	0xf3
 646 01db 01       		.uleb128 0x1
 647 01dc 51       		.byte	0x51
 648 01dd 14       		.uleb128 0x14
 649 01de 01       		.uleb128 0x1
 650 01df 51       		.byte	0x51
 651 01e0 01       		.uleb128 0x1
 652 01e1 30       		.byte	0x30
 653 01e2 14       		.uleb128 0x14
 654 01e3 01       		.uleb128 0x1
 655 01e4 50       		.byte	0x50
 656 01e5 03       		.uleb128 0x3
 657 01e6 F3       		.byte	0xf3
 658 01e7 01       		.uleb128 0x1
 659 01e8 50       		.byte	0x50
 660 01e9 00       		.byte	0
 661 01ea 00       		.byte	0
 662 01eb 0C       		.uleb128 0xc
 663 01ec 5B000000 		.4byte	.LASF29
 664 01f0 01       		.byte	0x1
 665 01f1 B9       		.byte	0xb9
 666 01f2 00000000 		.4byte	.LFB4
 667 01f6 94000000 		.4byte	.LFE4-.LFB4
 668 01fa 01       		.uleb128 0x1
ARM GAS  C:\Users\ÑÏÍþºÀ\AppData\Local\Temp\cc35rGKl.s 			page 19


 669 01fb 9C       		.byte	0x9c
 670 01fc 36020000 		.4byte	0x236
 671 0200 15       		.uleb128 0x15
 672 0201 14000000 		.4byte	.LVL15
 673 0205 81030000 		.4byte	0x381
 674 0209 13020000 		.4byte	0x213
 675 020d 14       		.uleb128 0x14
 676 020e 01       		.uleb128 0x1
 677 020f 50       		.byte	0x50
 678 0210 01       		.uleb128 0x1
 679 0211 48       		.byte	0x48
 680 0212 00       		.byte	0
 681 0213 15       		.uleb128 0x15
 682 0214 4E000000 		.4byte	.LVL16
 683 0218 92030000 		.4byte	0x392
 684 021c 26020000 		.4byte	0x226
 685 0220 14       		.uleb128 0x14
 686 0221 01       		.uleb128 0x1
 687 0222 50       		.byte	0x50
 688 0223 01       		.uleb128 0x1
 689 0224 39       		.byte	0x39
 690 0225 00       		.byte	0
 691 0226 13       		.uleb128 0x13
 692 0227 54000000 		.4byte	.LVL17
 693 022b AC030000 		.4byte	0x3ac
 694 022f 14       		.uleb128 0x14
 695 0230 01       		.uleb128 0x1
 696 0231 50       		.byte	0x50
 697 0232 01       		.uleb128 0x1
 698 0233 39       		.byte	0x39
 699 0234 00       		.byte	0
 700 0235 00       		.byte	0
 701 0236 16       		.uleb128 0x16
 702 0237 4A010000 		.4byte	.LASF41
 703 023b 01       		.byte	0x1
 704 023c 0601     		.2byte	0x106
 705 023e 94000000 		.4byte	.LFB6
 706 0242 F0000000 		.4byte	.LFE6-.LFB6
 707 0246 01       		.uleb128 0x1
 708 0247 9C       		.byte	0x9c
 709 0248 3A030000 		.4byte	0x33a
 710 024c 17       		.uleb128 0x17
 711 024d 98000000 		.4byte	.LBB3
 712 0251 7E000000 		.4byte	.LBE3-.LBB3
 713 0255 30030000 		.4byte	0x330
 714 0259 18       		.uleb128 0x18
 715 025a 66000000 		.4byte	.LASF30
 716 025e 01       		.byte	0x1
 717 025f 0C01     		.2byte	0x10c
 718 0261 4A030000 		.4byte	0x34a
 719 0265 05       		.uleb128 0x5
 720 0266 03       		.byte	0x3
 721 0267 0C000000 		.4byte	cy_cfg_addr_table.4731
 722 026b 18       		.uleb128 0x18
 723 026c 78000000 		.4byte	.LASF31
 724 0270 01       		.byte	0x1
 725 0271 1301     		.2byte	0x113
ARM GAS  C:\Users\ÑÏÍþºÀ\AppData\Local\Temp\cc35rGKl.s 			page 20


 726 0273 5F030000 		.4byte	0x35f
 727 0277 05       		.uleb128 0x5
 728 0278 03       		.byte	0x3
 729 0279 1C000000 		.4byte	cy_cfg_data_table.4732
 730 027d 19       		.uleb128 0x19
 731 027e 06       		.byte	0x6
 732 027f 01       		.byte	0x1
 733 0280 2401     		.2byte	0x124
 734 0282 A1020000 		.4byte	0x2a1
 735 0286 1A       		.uleb128 0x1a
 736 0287 57010000 		.4byte	.LASF32
 737 028b 01       		.byte	0x1
 738 028c 2501     		.2byte	0x125
 739 028e 7D000000 		.4byte	0x7d
 740 0292 00       		.byte	0
 741 0293 1A       		.uleb128 0x1a
 742 0294 B3000000 		.4byte	.LASF33
 743 0298 01       		.byte	0x1
 744 0299 2601     		.2byte	0x126
 745 029b 98000000 		.4byte	0x98
 746 029f 04       		.byte	0x4
 747 02a0 00       		.byte	0
 748 02a1 08       		.uleb128 0x8
 749 02a2 83010000 		.4byte	.LASF34
 750 02a6 01       		.byte	0x1
 751 02a7 2701     		.2byte	0x127
 752 02a9 7D020000 		.4byte	0x27d
 753 02ad 1B       		.uleb128 0x1b
 754 02ae A1020000 		.4byte	0x2a1
 755 02b2 BD020000 		.4byte	0x2bd
 756 02b6 1C       		.uleb128 0x1c
 757 02b7 76000000 		.4byte	0x76
 758 02bb 01       		.byte	0x1
 759 02bc 00       		.byte	0
 760 02bd 18       		.uleb128 0x18
 761 02be A3000000 		.4byte	.LASF35
 762 02c2 01       		.byte	0x1
 763 02c3 2901     		.2byte	0x129
 764 02c5 CF020000 		.4byte	0x2cf
 765 02c9 05       		.uleb128 0x5
 766 02ca 03       		.byte	0x3
 767 02cb 00000000 		.4byte	cfg_memset_list.4737
 768 02cf 11       		.uleb128 0x11
 769 02d0 AD020000 		.4byte	0x2ad
 770 02d4 1D       		.uleb128 0x1d
 771 02d5 6900     		.ascii	"i\000"
 772 02d7 01       		.byte	0x1
 773 02d8 2F01     		.2byte	0x12f
 774 02da 8D000000 		.4byte	0x8d
 775 02de BC000000 		.4byte	.LLST6
 776 02e2 17       		.uleb128 0x17
 777 02e3 9C000000 		.4byte	.LBB4
 778 02e7 1E000000 		.4byte	.LBE4-.LBB4
 779 02eb 13030000 		.4byte	0x313
 780 02ef 1D       		.uleb128 0x1d
 781 02f0 6D7300   		.ascii	"ms\000"
 782 02f3 01       		.byte	0x1
ARM GAS  C:\Users\ÑÏÍþºÀ\AppData\Local\Temp\cc35rGKl.s 			page 21


 783 02f4 3401     		.2byte	0x134
 784 02f6 FE020000 		.4byte	0x2fe
 785 02fa E6000000 		.4byte	.LLST7
 786 02fe 06       		.uleb128 0x6
 787 02ff 04       		.byte	0x4
 788 0300 04030000 		.4byte	0x304
 789 0304 11       		.uleb128 0x11
 790 0305 A1020000 		.4byte	0x2a1
 791 0309 1E       		.uleb128 0x1e
 792 030a BA000000 		.4byte	.LVL20
 793 030e 9E010000 		.4byte	0x19e
 794 0312 00       		.byte	0
 795 0313 13       		.uleb128 0x13
 796 0314 CE000000 		.4byte	.LVL23
 797 0318 16010000 		.4byte	0x116
 798 031c 14       		.uleb128 0x14
 799 031d 01       		.uleb128 0x1
 800 031e 51       		.byte	0x51
 801 031f 05       		.uleb128 0x5
 802 0320 03       		.byte	0x3
 803 0321 1C000000 		.4byte	.LANCHOR0+28
 804 0325 14       		.uleb128 0x14
 805 0326 01       		.uleb128 0x1
 806 0327 50       		.byte	0x50
 807 0328 05       		.uleb128 0x5
 808 0329 03       		.byte	0x3
 809 032a 0C000000 		.4byte	.LANCHOR0+12
 810 032e 00       		.byte	0
 811 032f 00       		.byte	0
 812 0330 1E       		.uleb128 0x1e
 813 0331 38010000 		.4byte	.LVL24
 814 0335 EB010000 		.4byte	0x1eb
 815 0339 00       		.byte	0
 816 033a 1B       		.uleb128 0x1b
 817 033b A3000000 		.4byte	0xa3
 818 033f 4A030000 		.4byte	0x34a
 819 0343 1C       		.uleb128 0x1c
 820 0344 76000000 		.4byte	0x76
 821 0348 03       		.byte	0x3
 822 0349 00       		.byte	0
 823 034a 11       		.uleb128 0x11
 824 034b 3A030000 		.4byte	0x33a
 825 034f 1B       		.uleb128 0x1b
 826 0350 0B010000 		.4byte	0x10b
 827 0354 5F030000 		.4byte	0x35f
 828 0358 1C       		.uleb128 0x1c
 829 0359 76000000 		.4byte	0x76
 830 035d 0B       		.byte	0xb
 831 035e 00       		.byte	0
 832 035f 11       		.uleb128 0x11
 833 0360 4F030000 		.4byte	0x34f
 834 0364 1F       		.uleb128 0x1f
 835 0365 ED000000 		.4byte	.LASF36
 836 0369 7D000000 		.4byte	0x7d
 837 036d 81030000 		.4byte	0x381
 838 0371 20       		.uleb128 0x20
 839 0372 7D000000 		.4byte	0x7d
ARM GAS  C:\Users\ÑÏÍþºÀ\AppData\Local\Temp\cc35rGKl.s 			page 22


 840 0376 20       		.uleb128 0x20
 841 0377 25000000 		.4byte	0x25
 842 037b 20       		.uleb128 0x20
 843 037c 76000000 		.4byte	0x76
 844 0380 00       		.byte	0
 845 0381 21       		.uleb128 0x21
 846 0382 7C020000 		.4byte	.LASF37
 847 0386 04       		.byte	0x4
 848 0387 31       		.byte	0x31
 849 0388 92030000 		.4byte	0x392
 850 038c 20       		.uleb128 0x20
 851 038d A3000000 		.4byte	0xa3
 852 0391 00       		.byte	0
 853 0392 22       		.uleb128 0x22
 854 0393 40000000 		.4byte	.LASF42
 855 0397 04       		.byte	0x4
 856 0398 46       		.byte	0x46
 857 0399 DE000000 		.4byte	0xde
 858 039d AC030000 		.4byte	0x3ac
 859 03a1 20       		.uleb128 0x20
 860 03a2 8D000000 		.4byte	0x8d
 861 03a6 20       		.uleb128 0x20
 862 03a7 DE000000 		.4byte	0xde
 863 03ab 00       		.byte	0
 864 03ac 23       		.uleb128 0x23
 865 03ad 0D010000 		.4byte	.LASF43
 866 03b1 04       		.byte	0x4
 867 03b2 4C       		.byte	0x4c
 868 03b3 20       		.uleb128 0x20
 869 03b4 8D000000 		.4byte	0x8d
 870 03b8 00       		.byte	0
 871 03b9 00       		.byte	0
 872              		.section	.debug_abbrev,"",%progbits
 873              	.Ldebug_abbrev0:
 874 0000 01       		.uleb128 0x1
 875 0001 11       		.uleb128 0x11
 876 0002 01       		.byte	0x1
 877 0003 25       		.uleb128 0x25
 878 0004 0E       		.uleb128 0xe
 879 0005 13       		.uleb128 0x13
 880 0006 0B       		.uleb128 0xb
 881 0007 03       		.uleb128 0x3
 882 0008 0E       		.uleb128 0xe
 883 0009 1B       		.uleb128 0x1b
 884 000a 0E       		.uleb128 0xe
 885 000b 55       		.uleb128 0x55
 886 000c 17       		.uleb128 0x17
 887 000d 11       		.uleb128 0x11
 888 000e 01       		.uleb128 0x1
 889 000f 10       		.uleb128 0x10
 890 0010 17       		.uleb128 0x17
 891 0011 00       		.byte	0
 892 0012 00       		.byte	0
 893 0013 02       		.uleb128 0x2
 894 0014 24       		.uleb128 0x24
 895 0015 00       		.byte	0
 896 0016 0B       		.uleb128 0xb
ARM GAS  C:\Users\ÑÏÍþºÀ\AppData\Local\Temp\cc35rGKl.s 			page 23


 897 0017 0B       		.uleb128 0xb
 898 0018 3E       		.uleb128 0x3e
 899 0019 0B       		.uleb128 0xb
 900 001a 03       		.uleb128 0x3
 901 001b 08       		.uleb128 0x8
 902 001c 00       		.byte	0
 903 001d 00       		.byte	0
 904 001e 03       		.uleb128 0x3
 905 001f 16       		.uleb128 0x16
 906 0020 00       		.byte	0
 907 0021 03       		.uleb128 0x3
 908 0022 0E       		.uleb128 0xe
 909 0023 3A       		.uleb128 0x3a
 910 0024 0B       		.uleb128 0xb
 911 0025 3B       		.uleb128 0x3b
 912 0026 0B       		.uleb128 0xb
 913 0027 49       		.uleb128 0x49
 914 0028 13       		.uleb128 0x13
 915 0029 00       		.byte	0
 916 002a 00       		.byte	0
 917 002b 04       		.uleb128 0x4
 918 002c 24       		.uleb128 0x24
 919 002d 00       		.byte	0
 920 002e 0B       		.uleb128 0xb
 921 002f 0B       		.uleb128 0xb
 922 0030 3E       		.uleb128 0x3e
 923 0031 0B       		.uleb128 0xb
 924 0032 03       		.uleb128 0x3
 925 0033 0E       		.uleb128 0xe
 926 0034 00       		.byte	0
 927 0035 00       		.byte	0
 928 0036 05       		.uleb128 0x5
 929 0037 0F       		.uleb128 0xf
 930 0038 00       		.byte	0
 931 0039 0B       		.uleb128 0xb
 932 003a 0B       		.uleb128 0xb
 933 003b 00       		.byte	0
 934 003c 00       		.byte	0
 935 003d 06       		.uleb128 0x6
 936 003e 0F       		.uleb128 0xf
 937 003f 00       		.byte	0
 938 0040 0B       		.uleb128 0xb
 939 0041 0B       		.uleb128 0xb
 940 0042 49       		.uleb128 0x49
 941 0043 13       		.uleb128 0x13
 942 0044 00       		.byte	0
 943 0045 00       		.byte	0
 944 0046 07       		.uleb128 0x7
 945 0047 15       		.uleb128 0x15
 946 0048 00       		.byte	0
 947 0049 27       		.uleb128 0x27
 948 004a 19       		.uleb128 0x19
 949 004b 00       		.byte	0
 950 004c 00       		.byte	0
 951 004d 08       		.uleb128 0x8
 952 004e 16       		.uleb128 0x16
 953 004f 00       		.byte	0
ARM GAS  C:\Users\ÑÏÍþºÀ\AppData\Local\Temp\cc35rGKl.s 			page 24


 954 0050 03       		.uleb128 0x3
 955 0051 0E       		.uleb128 0xe
 956 0052 3A       		.uleb128 0x3a
 957 0053 0B       		.uleb128 0xb
 958 0054 3B       		.uleb128 0x3b
 959 0055 05       		.uleb128 0x5
 960 0056 49       		.uleb128 0x49
 961 0057 13       		.uleb128 0x13
 962 0058 00       		.byte	0
 963 0059 00       		.byte	0
 964 005a 09       		.uleb128 0x9
 965 005b 35       		.uleb128 0x35
 966 005c 00       		.byte	0
 967 005d 49       		.uleb128 0x49
 968 005e 13       		.uleb128 0x13
 969 005f 00       		.byte	0
 970 0060 00       		.byte	0
 971 0061 0A       		.uleb128 0xa
 972 0062 13       		.uleb128 0x13
 973 0063 01       		.byte	0x1
 974 0064 0B       		.uleb128 0xb
 975 0065 0B       		.uleb128 0xb
 976 0066 3A       		.uleb128 0x3a
 977 0067 0B       		.uleb128 0xb
 978 0068 3B       		.uleb128 0x3b
 979 0069 0B       		.uleb128 0xb
 980 006a 01       		.uleb128 0x1
 981 006b 13       		.uleb128 0x13
 982 006c 00       		.byte	0
 983 006d 00       		.byte	0
 984 006e 0B       		.uleb128 0xb
 985 006f 0D       		.uleb128 0xd
 986 0070 00       		.byte	0
 987 0071 03       		.uleb128 0x3
 988 0072 0E       		.uleb128 0xe
 989 0073 3A       		.uleb128 0x3a
 990 0074 0B       		.uleb128 0xb
 991 0075 3B       		.uleb128 0x3b
 992 0076 0B       		.uleb128 0xb
 993 0077 49       		.uleb128 0x49
 994 0078 13       		.uleb128 0x13
 995 0079 38       		.uleb128 0x38
 996 007a 0B       		.uleb128 0xb
 997 007b 00       		.byte	0
 998 007c 00       		.byte	0
 999 007d 0C       		.uleb128 0xc
 1000 007e 2E       		.uleb128 0x2e
 1001 007f 01       		.byte	0x1
 1002 0080 03       		.uleb128 0x3
 1003 0081 0E       		.uleb128 0xe
 1004 0082 3A       		.uleb128 0x3a
 1005 0083 0B       		.uleb128 0xb
 1006 0084 3B       		.uleb128 0x3b
 1007 0085 0B       		.uleb128 0xb
 1008 0086 27       		.uleb128 0x27
 1009 0087 19       		.uleb128 0x19
 1010 0088 11       		.uleb128 0x11
ARM GAS  C:\Users\ÑÏÍþºÀ\AppData\Local\Temp\cc35rGKl.s 			page 25


 1011 0089 01       		.uleb128 0x1
 1012 008a 12       		.uleb128 0x12
 1013 008b 06       		.uleb128 0x6
 1014 008c 40       		.uleb128 0x40
 1015 008d 18       		.uleb128 0x18
 1016 008e 9742     		.uleb128 0x2117
 1017 0090 19       		.uleb128 0x19
 1018 0091 01       		.uleb128 0x1
 1019 0092 13       		.uleb128 0x13
 1020 0093 00       		.byte	0
 1021 0094 00       		.byte	0
 1022 0095 0D       		.uleb128 0xd
 1023 0096 05       		.uleb128 0x5
 1024 0097 00       		.byte	0
 1025 0098 03       		.uleb128 0x3
 1026 0099 0E       		.uleb128 0xe
 1027 009a 3A       		.uleb128 0x3a
 1028 009b 0B       		.uleb128 0xb
 1029 009c 3B       		.uleb128 0x3b
 1030 009d 0B       		.uleb128 0xb
 1031 009e 49       		.uleb128 0x49
 1032 009f 13       		.uleb128 0x13
 1033 00a0 02       		.uleb128 0x2
 1034 00a1 18       		.uleb128 0x18
 1035 00a2 00       		.byte	0
 1036 00a3 00       		.byte	0
 1037 00a4 0E       		.uleb128 0xe
 1038 00a5 34       		.uleb128 0x34
 1039 00a6 00       		.byte	0
 1040 00a7 03       		.uleb128 0x3
 1041 00a8 08       		.uleb128 0x8
 1042 00a9 3A       		.uleb128 0x3a
 1043 00aa 0B       		.uleb128 0xb
 1044 00ab 3B       		.uleb128 0x3b
 1045 00ac 0B       		.uleb128 0xb
 1046 00ad 49       		.uleb128 0x49
 1047 00ae 13       		.uleb128 0x13
 1048 00af 02       		.uleb128 0x2
 1049 00b0 17       		.uleb128 0x17
 1050 00b1 00       		.byte	0
 1051 00b2 00       		.byte	0
 1052 00b3 0F       		.uleb128 0xf
 1053 00b4 0B       		.uleb128 0xb
 1054 00b5 01       		.byte	0x1
 1055 00b6 11       		.uleb128 0x11
 1056 00b7 01       		.uleb128 0x1
 1057 00b8 12       		.uleb128 0x12
 1058 00b9 06       		.uleb128 0x6
 1059 00ba 00       		.byte	0
 1060 00bb 00       		.byte	0
 1061 00bc 10       		.uleb128 0x10
 1062 00bd 34       		.uleb128 0x34
 1063 00be 00       		.byte	0
 1064 00bf 03       		.uleb128 0x3
 1065 00c0 0E       		.uleb128 0xe
 1066 00c1 3A       		.uleb128 0x3a
 1067 00c2 0B       		.uleb128 0xb
ARM GAS  C:\Users\ÑÏÍþºÀ\AppData\Local\Temp\cc35rGKl.s 			page 26


 1068 00c3 3B       		.uleb128 0x3b
 1069 00c4 0B       		.uleb128 0xb
 1070 00c5 49       		.uleb128 0x49
 1071 00c6 13       		.uleb128 0x13
 1072 00c7 02       		.uleb128 0x2
 1073 00c8 17       		.uleb128 0x17
 1074 00c9 00       		.byte	0
 1075 00ca 00       		.byte	0
 1076 00cb 11       		.uleb128 0x11
 1077 00cc 26       		.uleb128 0x26
 1078 00cd 00       		.byte	0
 1079 00ce 49       		.uleb128 0x49
 1080 00cf 13       		.uleb128 0x13
 1081 00d0 00       		.byte	0
 1082 00d1 00       		.byte	0
 1083 00d2 12       		.uleb128 0x12
 1084 00d3 05       		.uleb128 0x5
 1085 00d4 00       		.byte	0
 1086 00d5 03       		.uleb128 0x3
 1087 00d6 08       		.uleb128 0x8
 1088 00d7 3A       		.uleb128 0x3a
 1089 00d8 0B       		.uleb128 0xb
 1090 00d9 3B       		.uleb128 0x3b
 1091 00da 0B       		.uleb128 0xb
 1092 00db 49       		.uleb128 0x49
 1093 00dc 13       		.uleb128 0x13
 1094 00dd 02       		.uleb128 0x2
 1095 00de 17       		.uleb128 0x17
 1096 00df 00       		.byte	0
 1097 00e0 00       		.byte	0
 1098 00e1 13       		.uleb128 0x13
 1099 00e2 898201   		.uleb128 0x4109
 1100 00e5 01       		.byte	0x1
 1101 00e6 11       		.uleb128 0x11
 1102 00e7 01       		.uleb128 0x1
 1103 00e8 31       		.uleb128 0x31
 1104 00e9 13       		.uleb128 0x13
 1105 00ea 00       		.byte	0
 1106 00eb 00       		.byte	0
 1107 00ec 14       		.uleb128 0x14
 1108 00ed 8A8201   		.uleb128 0x410a
 1109 00f0 00       		.byte	0
 1110 00f1 02       		.uleb128 0x2
 1111 00f2 18       		.uleb128 0x18
 1112 00f3 9142     		.uleb128 0x2111
 1113 00f5 18       		.uleb128 0x18
 1114 00f6 00       		.byte	0
 1115 00f7 00       		.byte	0
 1116 00f8 15       		.uleb128 0x15
 1117 00f9 898201   		.uleb128 0x4109
 1118 00fc 01       		.byte	0x1
 1119 00fd 11       		.uleb128 0x11
 1120 00fe 01       		.uleb128 0x1
 1121 00ff 31       		.uleb128 0x31
 1122 0100 13       		.uleb128 0x13
 1123 0101 01       		.uleb128 0x1
 1124 0102 13       		.uleb128 0x13
ARM GAS  C:\Users\ÑÏÍþºÀ\AppData\Local\Temp\cc35rGKl.s 			page 27


 1125 0103 00       		.byte	0
 1126 0104 00       		.byte	0
 1127 0105 16       		.uleb128 0x16
 1128 0106 2E       		.uleb128 0x2e
 1129 0107 01       		.byte	0x1
 1130 0108 3F       		.uleb128 0x3f
 1131 0109 19       		.uleb128 0x19
 1132 010a 03       		.uleb128 0x3
 1133 010b 0E       		.uleb128 0xe
 1134 010c 3A       		.uleb128 0x3a
 1135 010d 0B       		.uleb128 0xb
 1136 010e 3B       		.uleb128 0x3b
 1137 010f 05       		.uleb128 0x5
 1138 0110 27       		.uleb128 0x27
 1139 0111 19       		.uleb128 0x19
 1140 0112 11       		.uleb128 0x11
 1141 0113 01       		.uleb128 0x1
 1142 0114 12       		.uleb128 0x12
 1143 0115 06       		.uleb128 0x6
 1144 0116 40       		.uleb128 0x40
 1145 0117 18       		.uleb128 0x18
 1146 0118 9742     		.uleb128 0x2117
 1147 011a 19       		.uleb128 0x19
 1148 011b 01       		.uleb128 0x1
 1149 011c 13       		.uleb128 0x13
 1150 011d 00       		.byte	0
 1151 011e 00       		.byte	0
 1152 011f 17       		.uleb128 0x17
 1153 0120 0B       		.uleb128 0xb
 1154 0121 01       		.byte	0x1
 1155 0122 11       		.uleb128 0x11
 1156 0123 01       		.uleb128 0x1
 1157 0124 12       		.uleb128 0x12
 1158 0125 06       		.uleb128 0x6
 1159 0126 01       		.uleb128 0x1
 1160 0127 13       		.uleb128 0x13
 1161 0128 00       		.byte	0
 1162 0129 00       		.byte	0
 1163 012a 18       		.uleb128 0x18
 1164 012b 34       		.uleb128 0x34
 1165 012c 00       		.byte	0
 1166 012d 03       		.uleb128 0x3
 1167 012e 0E       		.uleb128 0xe
 1168 012f 3A       		.uleb128 0x3a
 1169 0130 0B       		.uleb128 0xb
 1170 0131 3B       		.uleb128 0x3b
 1171 0132 05       		.uleb128 0x5
 1172 0133 49       		.uleb128 0x49
 1173 0134 13       		.uleb128 0x13
 1174 0135 02       		.uleb128 0x2
 1175 0136 18       		.uleb128 0x18
 1176 0137 00       		.byte	0
 1177 0138 00       		.byte	0
 1178 0139 19       		.uleb128 0x19
 1179 013a 13       		.uleb128 0x13
 1180 013b 01       		.byte	0x1
 1181 013c 0B       		.uleb128 0xb
ARM GAS  C:\Users\ÑÏÍþºÀ\AppData\Local\Temp\cc35rGKl.s 			page 28


 1182 013d 0B       		.uleb128 0xb
 1183 013e 3A       		.uleb128 0x3a
 1184 013f 0B       		.uleb128 0xb
 1185 0140 3B       		.uleb128 0x3b
 1186 0141 05       		.uleb128 0x5
 1187 0142 01       		.uleb128 0x1
 1188 0143 13       		.uleb128 0x13
 1189 0144 00       		.byte	0
 1190 0145 00       		.byte	0
 1191 0146 1A       		.uleb128 0x1a
 1192 0147 0D       		.uleb128 0xd
 1193 0148 00       		.byte	0
 1194 0149 03       		.uleb128 0x3
 1195 014a 0E       		.uleb128 0xe
 1196 014b 3A       		.uleb128 0x3a
 1197 014c 0B       		.uleb128 0xb
 1198 014d 3B       		.uleb128 0x3b
 1199 014e 05       		.uleb128 0x5
 1200 014f 49       		.uleb128 0x49
 1201 0150 13       		.uleb128 0x13
 1202 0151 38       		.uleb128 0x38
 1203 0152 0B       		.uleb128 0xb
 1204 0153 00       		.byte	0
 1205 0154 00       		.byte	0
 1206 0155 1B       		.uleb128 0x1b
 1207 0156 01       		.uleb128 0x1
 1208 0157 01       		.byte	0x1
 1209 0158 49       		.uleb128 0x49
 1210 0159 13       		.uleb128 0x13
 1211 015a 01       		.uleb128 0x1
 1212 015b 13       		.uleb128 0x13
 1213 015c 00       		.byte	0
 1214 015d 00       		.byte	0
 1215 015e 1C       		.uleb128 0x1c
 1216 015f 21       		.uleb128 0x21
 1217 0160 00       		.byte	0
 1218 0161 49       		.uleb128 0x49
 1219 0162 13       		.uleb128 0x13
 1220 0163 2F       		.uleb128 0x2f
 1221 0164 0B       		.uleb128 0xb
 1222 0165 00       		.byte	0
 1223 0166 00       		.byte	0
 1224 0167 1D       		.uleb128 0x1d
 1225 0168 34       		.uleb128 0x34
 1226 0169 00       		.byte	0
 1227 016a 03       		.uleb128 0x3
 1228 016b 08       		.uleb128 0x8
 1229 016c 3A       		.uleb128 0x3a
 1230 016d 0B       		.uleb128 0xb
 1231 016e 3B       		.uleb128 0x3b
 1232 016f 05       		.uleb128 0x5
 1233 0170 49       		.uleb128 0x49
 1234 0171 13       		.uleb128 0x13
 1235 0172 02       		.uleb128 0x2
 1236 0173 17       		.uleb128 0x17
 1237 0174 00       		.byte	0
 1238 0175 00       		.byte	0
ARM GAS  C:\Users\ÑÏÍþºÀ\AppData\Local\Temp\cc35rGKl.s 			page 29


 1239 0176 1E       		.uleb128 0x1e
 1240 0177 898201   		.uleb128 0x4109
 1241 017a 00       		.byte	0
 1242 017b 11       		.uleb128 0x11
 1243 017c 01       		.uleb128 0x1
 1244 017d 31       		.uleb128 0x31
 1245 017e 13       		.uleb128 0x13
 1246 017f 00       		.byte	0
 1247 0180 00       		.byte	0
 1248 0181 1F       		.uleb128 0x1f
 1249 0182 2E       		.uleb128 0x2e
 1250 0183 01       		.byte	0x1
 1251 0184 3F       		.uleb128 0x3f
 1252 0185 19       		.uleb128 0x19
 1253 0186 03       		.uleb128 0x3
 1254 0187 0E       		.uleb128 0xe
 1255 0188 27       		.uleb128 0x27
 1256 0189 19       		.uleb128 0x19
 1257 018a 49       		.uleb128 0x49
 1258 018b 13       		.uleb128 0x13
 1259 018c 34       		.uleb128 0x34
 1260 018d 19       		.uleb128 0x19
 1261 018e 3C       		.uleb128 0x3c
 1262 018f 19       		.uleb128 0x19
 1263 0190 01       		.uleb128 0x1
 1264 0191 13       		.uleb128 0x13
 1265 0192 00       		.byte	0
 1266 0193 00       		.byte	0
 1267 0194 20       		.uleb128 0x20
 1268 0195 05       		.uleb128 0x5
 1269 0196 00       		.byte	0
 1270 0197 49       		.uleb128 0x49
 1271 0198 13       		.uleb128 0x13
 1272 0199 00       		.byte	0
 1273 019a 00       		.byte	0
 1274 019b 21       		.uleb128 0x21
 1275 019c 2E       		.uleb128 0x2e
 1276 019d 01       		.byte	0x1
 1277 019e 3F       		.uleb128 0x3f
 1278 019f 19       		.uleb128 0x19
 1279 01a0 03       		.uleb128 0x3
 1280 01a1 0E       		.uleb128 0xe
 1281 01a2 3A       		.uleb128 0x3a
 1282 01a3 0B       		.uleb128 0xb
 1283 01a4 3B       		.uleb128 0x3b
 1284 01a5 0B       		.uleb128 0xb
 1285 01a6 27       		.uleb128 0x27
 1286 01a7 19       		.uleb128 0x19
 1287 01a8 3C       		.uleb128 0x3c
 1288 01a9 19       		.uleb128 0x19
 1289 01aa 01       		.uleb128 0x1
 1290 01ab 13       		.uleb128 0x13
 1291 01ac 00       		.byte	0
 1292 01ad 00       		.byte	0
 1293 01ae 22       		.uleb128 0x22
 1294 01af 2E       		.uleb128 0x2e
 1295 01b0 01       		.byte	0x1
ARM GAS  C:\Users\ÑÏÍþºÀ\AppData\Local\Temp\cc35rGKl.s 			page 30


 1296 01b1 3F       		.uleb128 0x3f
 1297 01b2 19       		.uleb128 0x19
 1298 01b3 03       		.uleb128 0x3
 1299 01b4 0E       		.uleb128 0xe
 1300 01b5 3A       		.uleb128 0x3a
 1301 01b6 0B       		.uleb128 0xb
 1302 01b7 3B       		.uleb128 0x3b
 1303 01b8 0B       		.uleb128 0xb
 1304 01b9 27       		.uleb128 0x27
 1305 01ba 19       		.uleb128 0x19
 1306 01bb 49       		.uleb128 0x49
 1307 01bc 13       		.uleb128 0x13
 1308 01bd 3C       		.uleb128 0x3c
 1309 01be 19       		.uleb128 0x19
 1310 01bf 01       		.uleb128 0x1
 1311 01c0 13       		.uleb128 0x13
 1312 01c1 00       		.byte	0
 1313 01c2 00       		.byte	0
 1314 01c3 23       		.uleb128 0x23
 1315 01c4 2E       		.uleb128 0x2e
 1316 01c5 01       		.byte	0x1
 1317 01c6 3F       		.uleb128 0x3f
 1318 01c7 19       		.uleb128 0x19
 1319 01c8 03       		.uleb128 0x3
 1320 01c9 0E       		.uleb128 0xe
 1321 01ca 3A       		.uleb128 0x3a
 1322 01cb 0B       		.uleb128 0xb
 1323 01cc 3B       		.uleb128 0x3b
 1324 01cd 0B       		.uleb128 0xb
 1325 01ce 27       		.uleb128 0x27
 1326 01cf 19       		.uleb128 0x19
 1327 01d0 3C       		.uleb128 0x3c
 1328 01d1 19       		.uleb128 0x19
 1329 01d2 00       		.byte	0
 1330 01d3 00       		.byte	0
 1331 01d4 00       		.byte	0
 1332              		.section	.debug_loc,"",%progbits
 1333              	.Ldebug_loc0:
 1334              	.LLST0:
 1335 0000 02000000 		.4byte	.LVL1
 1336 0004 08000000 		.4byte	.LVL2
 1337 0008 0200     		.2byte	0x2
 1338 000a 30       		.byte	0x30
 1339 000b 9F       		.byte	0x9f
 1340 000c 08000000 		.4byte	.LVL2
 1341 0010 30000000 		.4byte	.LVL11
 1342 0014 0100     		.2byte	0x1
 1343 0016 57       		.byte	0x57
 1344 0017 00000000 		.4byte	0
 1345 001b 00000000 		.4byte	0
 1346              	.LLST1:
 1347 001f 02000000 		.4byte	.LVL1
 1348 0023 08000000 		.4byte	.LVL2
 1349 0027 0200     		.2byte	0x2
 1350 0029 30       		.byte	0x30
 1351 002a 9F       		.byte	0x9f
 1352 002b 08000000 		.4byte	.LVL2
ARM GAS  C:\Users\ÑÏÍþºÀ\AppData\Local\Temp\cc35rGKl.s 			page 31


 1353 002f 30000000 		.4byte	.LVL10
 1354 0033 0100     		.2byte	0x1
 1355 0035 55       		.byte	0x55
 1356 0036 00000000 		.4byte	0
 1357 003a 00000000 		.4byte	0
 1358              	.LLST2:
 1359 003e 0C000000 		.4byte	.LVL3
 1360 0042 2C000000 		.4byte	.LVL9
 1361 0046 0100     		.2byte	0x1
 1362 0048 56       		.byte	0x56
 1363 0049 00000000 		.4byte	0
 1364 004d 00000000 		.4byte	0
 1365              	.LLST3:
 1366 0051 0E000000 		.4byte	.LVL4
 1367 0055 24000000 		.4byte	.LVL7
 1368 0059 0100     		.2byte	0x1
 1369 005b 53       		.byte	0x53
 1370 005c 26000000 		.4byte	.LVL8
 1371 0060 2C000000 		.4byte	.LVL9
 1372 0064 0100     		.2byte	0x1
 1373 0066 53       		.byte	0x53
 1374 0067 00000000 		.4byte	0
 1375 006b 00000000 		.4byte	0
 1376              	.LLST4:
 1377 006f 00000000 		.4byte	.LVL12
 1378 0073 09000000 		.4byte	.LVL14-1
 1379 0077 0100     		.2byte	0x1
 1380 0079 50       		.byte	0x50
 1381 007a 09000000 		.4byte	.LVL14-1
 1382 007e 0C000000 		.4byte	.LFE0
 1383 0082 0400     		.2byte	0x4
 1384 0084 F3       		.byte	0xf3
 1385 0085 01       		.uleb128 0x1
 1386 0086 50       		.byte	0x50
 1387 0087 9F       		.byte	0x9f
 1388 0088 00000000 		.4byte	0
 1389 008c 00000000 		.4byte	0
 1390              	.LLST5:
 1391 0090 00000000 		.4byte	.LVL12
 1392 0094 06000000 		.4byte	.LVL13
 1393 0098 0100     		.2byte	0x1
 1394 009a 51       		.byte	0x51
 1395 009b 06000000 		.4byte	.LVL13
 1396 009f 09000000 		.4byte	.LVL14-1
 1397 00a3 0100     		.2byte	0x1
 1398 00a5 52       		.byte	0x52
 1399 00a6 09000000 		.4byte	.LVL14-1
 1400 00aa 0C000000 		.4byte	.LFE0
 1401 00ae 0400     		.2byte	0x4
 1402 00b0 F3       		.byte	0xf3
 1403 00b1 01       		.uleb128 0x1
 1404 00b2 51       		.byte	0x51
 1405 00b3 9F       		.byte	0x9f
 1406 00b4 00000000 		.4byte	0
 1407 00b8 00000000 		.4byte	0
 1408              	.LLST6:
 1409 00bc 98000000 		.4byte	.LVL18
ARM GAS  C:\Users\ÑÏÍþºÀ\AppData\Local\Temp\cc35rGKl.s 			page 32


 1410 00c0 9C000000 		.4byte	.LVL19
 1411 00c4 0200     		.2byte	0x2
 1412 00c6 30       		.byte	0x30
 1413 00c7 9F       		.byte	0x9f
 1414 00c8 9C000000 		.4byte	.LVL19
 1415 00cc BC000000 		.4byte	.LVL21
 1416 00d0 0100     		.2byte	0x1
 1417 00d2 54       		.byte	0x54
 1418 00d3 BE000000 		.4byte	.LVL22
 1419 00d7 38010000 		.4byte	.LVL25
 1420 00db 0100     		.2byte	0x1
 1421 00dd 54       		.byte	0x54
 1422 00de 00000000 		.4byte	0
 1423 00e2 00000000 		.4byte	0
 1424              	.LLST7:
 1425 00e6 9C000000 		.4byte	.LVL19
 1426 00ea BC000000 		.4byte	.LVL21
 1427 00ee 0B00     		.2byte	0xb
 1428 00f0 74       		.byte	0x74
 1429 00f1 00       		.sleb128 0
 1430 00f2 36       		.byte	0x36
 1431 00f3 1E       		.byte	0x1e
 1432 00f4 03       		.byte	0x3
 1433 00f5 00000000 		.4byte	cfg_memset_list.4737
 1434 00f9 22       		.byte	0x22
 1435 00fa 9F       		.byte	0x9f
 1436 00fb BC000000 		.4byte	.LVL21
 1437 00ff BE000000 		.4byte	.LVL22
 1438 0103 0B00     		.2byte	0xb
 1439 0105 74       		.byte	0x74
 1440 0106 7F       		.sleb128 -1
 1441 0107 36       		.byte	0x36
 1442 0108 1E       		.byte	0x1e
 1443 0109 03       		.byte	0x3
 1444 010a 00000000 		.4byte	cfg_memset_list.4737
 1445 010e 22       		.byte	0x22
 1446 010f 9F       		.byte	0x9f
 1447 0110 00000000 		.4byte	0
 1448 0114 00000000 		.4byte	0
 1449              		.section	.debug_aranges,"",%progbits
 1450 0000 34000000 		.4byte	0x34
 1451 0004 0200     		.2byte	0x2
 1452 0006 00000000 		.4byte	.Ldebug_info0
 1453 000a 04       		.byte	0x4
 1454 000b 00       		.byte	0
 1455 000c 0000     		.2byte	0
 1456 000e 0000     		.2byte	0
 1457 0010 00000000 		.4byte	.LFB3
 1458 0014 32000000 		.4byte	.LFE3-.LFB3
 1459 0018 00000000 		.4byte	.LFB0
 1460 001c 0C000000 		.4byte	.LFE0-.LFB0
 1461 0020 00000000 		.4byte	.LFB4
 1462 0024 94000000 		.4byte	.LFE4-.LFB4
 1463 0028 94000000 		.4byte	.LFB6
 1464 002c F0000000 		.4byte	.LFE6-.LFB6
 1465 0030 00000000 		.4byte	0
 1466 0034 00000000 		.4byte	0
ARM GAS  C:\Users\ÑÏÍþºÀ\AppData\Local\Temp\cc35rGKl.s 			page 33


 1467              		.section	.debug_ranges,"",%progbits
 1468              	.Ldebug_ranges0:
 1469 0000 00000000 		.4byte	.LFB3
 1470 0004 32000000 		.4byte	.LFE3
 1471 0008 00000000 		.4byte	.LFB0
 1472 000c 0C000000 		.4byte	.LFE0
 1473 0010 00000000 		.4byte	.LFB4
 1474 0014 94000000 		.4byte	.LFE4
 1475 0018 94000000 		.4byte	.LFB6
 1476 001c 84010000 		.4byte	.LFE6
 1477 0020 00000000 		.4byte	0
 1478 0024 00000000 		.4byte	0
 1479              		.section	.debug_line,"",%progbits
 1480              	.Ldebug_line0:
 1481 0000 55010000 		.section	.debug_str,"MS",%progbits,1
 1481      0200CD00 
 1481      00000201 
 1481      FB0E0D00 
 1481      01010101 
 1482              	.LASF18:
 1483 0000 72656733 		.ascii	"reg32\000"
 1483      3200
 1484              	.LASF11:
 1485 0006 73697A65 		.ascii	"size_t\000"
 1485      5F7400
 1486              	.LASF40:
 1487 000d 433A5C54 		.ascii	"C:\\Three2\\8_KeChuang4E(2-8)\\code\\BlueT\\BlueT.c"
 1487      68726565 
 1487      325C385F 
 1487      4B654368 
 1487      75616E67 
 1488 003b 7964736E 		.ascii	"ydsn\000"
 1488      00
 1489              	.LASF42:
 1490 0040 4379496E 		.ascii	"CyIntSetVector\000"
 1490      74536574 
 1490      56656374 
 1490      6F7200
 1491              	.LASF21:
 1492 004f 76616C75 		.ascii	"value\000"
 1492      6500
 1493              	.LASF26:
 1494 0055 636F756E 		.ascii	"count\000"
 1494      7400
 1495              	.LASF29:
 1496 005b 436C6F63 		.ascii	"ClockSetup\000"
 1496      6B536574 
 1496      757000
 1497              	.LASF30:
 1498 0066 63795F63 		.ascii	"cy_cfg_addr_table\000"
 1498      66675F61 
 1498      6464725F 
 1498      7461626C 
 1498      6500
 1499              	.LASF31:
 1500 0078 63795F63 		.ascii	"cy_cfg_data_table\000"
 1500      66675F64 
ARM GAS  C:\Users\ÑÏÍþºÀ\AppData\Local\Temp\cc35rGKl.s 			page 34


 1500      6174615F 
 1500      7461626C 
 1500      6500
 1501              	.LASF22:
 1502 008a 63795F63 		.ascii	"cy_cfg_addrvalue_t\000"
 1502      66675F61 
 1502      64647276 
 1502      616C7565 
 1502      5F7400
 1503              	.LASF15:
 1504 009d 666C6F61 		.ascii	"float\000"
 1504      7400
 1505              	.LASF35:
 1506 00a3 6366675F 		.ascii	"cfg_memset_list\000"
 1506      6D656D73 
 1506      65745F6C 
 1506      69737400 
 1507              	.LASF33:
 1508 00b3 73697A65 		.ascii	"size\000"
 1508      00
 1509              	.LASF17:
 1510 00b8 72656738 		.ascii	"reg8\000"
 1510      00
 1511              	.LASF6:
 1512 00bd 6C6F6E67 		.ascii	"long unsigned int\000"
 1512      20756E73 
 1512      69676E65 
 1512      6420696E 
 1512      7400
 1513              	.LASF12:
 1514 00cf 75696E74 		.ascii	"uint8\000"
 1514      3800
 1515              	.LASF28:
 1516 00d5 43594D45 		.ascii	"CYMEMZERO\000"
 1516      4D5A4552 
 1516      4F00
 1517              	.LASF2:
 1518 00df 756E7369 		.ascii	"unsigned char\000"
 1518      676E6564 
 1518      20636861 
 1518      7200
 1519              	.LASF36:
 1520 00ed 6D656D73 		.ascii	"memset\000"
 1520      657400
 1521              	.LASF16:
 1522 00f4 646F7562 		.ascii	"double\000"
 1522      6C6500
 1523              	.LASF27:
 1524 00fb 6366675F 		.ascii	"cfg_write_bytes32\000"
 1524      77726974 
 1524      655F6279 
 1524      74657333 
 1524      3200
 1525              	.LASF43:
 1526 010d 4379496E 		.ascii	"CyIntEnable\000"
 1526      74456E61 
 1526      626C6500 
ARM GAS  C:\Users\ÑÏÍþºÀ\AppData\Local\Temp\cc35rGKl.s 			page 35


 1527              	.LASF23:
 1528 0119 61646472 		.ascii	"addr_table\000"
 1528      5F746162 
 1528      6C6500
 1529              	.LASF13:
 1530 0124 75696E74 		.ascii	"uint16\000"
 1530      313600
 1531              	.LASF24:
 1532 012b 64617461 		.ascii	"data_table\000"
 1532      5F746162 
 1532      6C6500
 1533              	.LASF14:
 1534 0136 75696E74 		.ascii	"uint32\000"
 1534      333200
 1535              	.LASF0:
 1536 013d 756E7369 		.ascii	"unsigned int\000"
 1536      676E6564 
 1536      20696E74 
 1536      00
 1537              	.LASF41:
 1538 014a 63796669 		.ascii	"cyfitter_cfg\000"
 1538      74746572 
 1538      5F636667 
 1538      00
 1539              	.LASF32:
 1540 0157 61646472 		.ascii	"address\000"
 1540      65737300 
 1541              	.LASF8:
 1542 015f 6C6F6E67 		.ascii	"long long unsigned int\000"
 1542      206C6F6E 
 1542      6720756E 
 1542      7369676E 
 1542      65642069 
 1543              	.LASF19:
 1544 0176 63796973 		.ascii	"cyisraddress\000"
 1544      72616464 
 1544      72657373 
 1544      00
 1545              	.LASF34:
 1546 0183 6366675F 		.ascii	"cfg_memset_t\000"
 1546      6D656D73 
 1546      65745F74 
 1546      00
 1547              	.LASF25:
 1548 0190 62617365 		.ascii	"baseAddr\000"
 1548      41646472 
 1548      00
 1549              	.LASF9:
 1550 0199 73697A65 		.ascii	"sizetype\000"
 1550      74797065 
 1550      00
 1551              	.LASF39:
 1552 01a2 2E5C4765 		.ascii	".\\Generated_Source\\PSoC4\\cyfitter_cfg.c\000"
 1552      6E657261 
 1552      7465645F 
 1552      536F7572 
 1552      63655C50 
ARM GAS  C:\Users\ÑÏÍþºÀ\AppData\Local\Temp\cc35rGKl.s 			page 36


 1553              	.LASF7:
 1554 01ca 6C6F6E67 		.ascii	"long long int\000"
 1554      206C6F6E 
 1554      6720696E 
 1554      7400
 1555              	.LASF10:
 1556 01d8 63686172 		.ascii	"char\000"
 1556      00
 1557              	.LASF38:
 1558 01dd 474E5520 		.ascii	"GNU C 4.9.3 20150303 (release) [ARM/embedded-4_9-br"
 1558      4320342E 
 1558      392E3320 
 1558      32303135 
 1558      30333033 
 1559 0210 616E6368 		.ascii	"anch revision 221220] -mcpu=cortex-m0 -mthumb -g -O"
 1559      20726576 
 1559      6973696F 
 1559      6E203232 
 1559      31323230 
 1560 0243 67202D66 		.ascii	"g -ffunction-sections -ffat-lto-objects\000"
 1560      66756E63 
 1560      74696F6E 
 1560      2D736563 
 1560      74696F6E 
 1561              	.LASF20:
 1562 026b 6F666673 		.ascii	"offset\000"
 1562      657400
 1563              	.LASF3:
 1564 0272 73686F72 		.ascii	"short int\000"
 1564      7420696E 
 1564      7400
 1565              	.LASF37:
 1566 027c 43795379 		.ascii	"CySysClkWriteImoFreq\000"
 1566      73436C6B 
 1566      57726974 
 1566      65496D6F 
 1566      46726571 
 1567              	.LASF5:
 1568 0291 6C6F6E67 		.ascii	"long int\000"
 1568      20696E74 
 1568      00
 1569              	.LASF1:
 1570 029a 7369676E 		.ascii	"signed char\000"
 1570      65642063 
 1570      68617200 
 1571              	.LASF4:
 1572 02a6 73686F72 		.ascii	"short unsigned int\000"
 1572      7420756E 
 1572      7369676E 
 1572      65642069 
 1572      6E7400
 1573              		.ident	"GCC: (GNU Tools for ARM Embedded Processors) 4.9.3 20150303 (release) [ARM/embedded-4_9-br
