ARM GAS  C:\Users\Nick\AppData\Local\Temp\ccA99TE0.s 			page 1


   1              		.cpu cortex-m0
   2              		.fpu softvfp
   3              		.eabi_attribute 20, 1
   4              		.eabi_attribute 21, 1
   5              		.eabi_attribute 23, 3
   6              		.eabi_attribute 24, 1
   7              		.eabi_attribute 25, 1
   8              		.eabi_attribute 26, 1
   9              		.eabi_attribute 30, 1
  10              		.eabi_attribute 34, 0
  11              		.eabi_attribute 18, 4
  12              		.code	16
  13              		.file	"ADC_SAR_Seq_1_INT.c"
  14              		.text
  15              	.Ltext0:
  16              		.cfi_sections	.debug_frame
  17              		.section	.text.ADC_SAR_Seq_1_ISR,"ax",%progbits
  18              		.align	2
  19              		.global	ADC_SAR_Seq_1_ISR
  20              		.code	16
  21              		.thumb_func
  22              		.type	ADC_SAR_Seq_1_ISR, %function
  23              	ADC_SAR_Seq_1_ISR:
  24              	.LFB0:
  25              		.file 1 ".\\Generated_Source\\PSoC4\\ADC_SAR_Seq_1_INT.c"
   1:.\Generated_Source\PSoC4/ADC_SAR_Seq_1_INT.c **** /*******************************************************************************
   2:.\Generated_Source\PSoC4/ADC_SAR_Seq_1_INT.c **** * File Name: ADC_SAR_Seq_1_INT.c
   3:.\Generated_Source\PSoC4/ADC_SAR_Seq_1_INT.c **** * Version 2.20
   4:.\Generated_Source\PSoC4/ADC_SAR_Seq_1_INT.c **** *
   5:.\Generated_Source\PSoC4/ADC_SAR_Seq_1_INT.c **** *  Description:
   6:.\Generated_Source\PSoC4/ADC_SAR_Seq_1_INT.c **** *    This file contains the code that operates during the ADC_SAR interrupt
   7:.\Generated_Source\PSoC4/ADC_SAR_Seq_1_INT.c **** *    service routine.
   8:.\Generated_Source\PSoC4/ADC_SAR_Seq_1_INT.c **** *
   9:.\Generated_Source\PSoC4/ADC_SAR_Seq_1_INT.c **** *   Note:
  10:.\Generated_Source\PSoC4/ADC_SAR_Seq_1_INT.c **** *
  11:.\Generated_Source\PSoC4/ADC_SAR_Seq_1_INT.c **** ********************************************************************************
  12:.\Generated_Source\PSoC4/ADC_SAR_Seq_1_INT.c **** * Copyright 2008-2015, Cypress Semiconductor Corporation.  All rights reserved.
  13:.\Generated_Source\PSoC4/ADC_SAR_Seq_1_INT.c **** * You may use this file only in accordance with the license, terms, conditions,
  14:.\Generated_Source\PSoC4/ADC_SAR_Seq_1_INT.c **** * disclaimers, and limitations in the end user license agreement accompanying
  15:.\Generated_Source\PSoC4/ADC_SAR_Seq_1_INT.c **** * the software package with which this file was provided.
  16:.\Generated_Source\PSoC4/ADC_SAR_Seq_1_INT.c **** *******************************************************************************/
  17:.\Generated_Source\PSoC4/ADC_SAR_Seq_1_INT.c **** 
  18:.\Generated_Source\PSoC4/ADC_SAR_Seq_1_INT.c **** #include "ADC_SAR_Seq_1.h"
  19:.\Generated_Source\PSoC4/ADC_SAR_Seq_1_INT.c **** #include "cyapicallbacks.h"
  20:.\Generated_Source\PSoC4/ADC_SAR_Seq_1_INT.c **** 
  21:.\Generated_Source\PSoC4/ADC_SAR_Seq_1_INT.c **** 
  22:.\Generated_Source\PSoC4/ADC_SAR_Seq_1_INT.c **** /******************************************************************************
  23:.\Generated_Source\PSoC4/ADC_SAR_Seq_1_INT.c **** * Custom Declarations and Variables
  24:.\Generated_Source\PSoC4/ADC_SAR_Seq_1_INT.c **** * - add user inlcude files, prototypes and variables between the following
  25:.\Generated_Source\PSoC4/ADC_SAR_Seq_1_INT.c **** *   #START and #END tags
  26:.\Generated_Source\PSoC4/ADC_SAR_Seq_1_INT.c **** ******************************************************************************/
  27:.\Generated_Source\PSoC4/ADC_SAR_Seq_1_INT.c **** /* `#START ADC_SYS_VAR`  */
  28:.\Generated_Source\PSoC4/ADC_SAR_Seq_1_INT.c **** 
  29:.\Generated_Source\PSoC4/ADC_SAR_Seq_1_INT.c **** /* `#END`  */
  30:.\Generated_Source\PSoC4/ADC_SAR_Seq_1_INT.c **** 
  31:.\Generated_Source\PSoC4/ADC_SAR_Seq_1_INT.c **** #if(ADC_SAR_Seq_1_IRQ_REMOVE == 0u)
  32:.\Generated_Source\PSoC4/ADC_SAR_Seq_1_INT.c **** 
ARM GAS  C:\Users\Nick\AppData\Local\Temp\ccA99TE0.s 			page 2


  33:.\Generated_Source\PSoC4/ADC_SAR_Seq_1_INT.c **** 
  34:.\Generated_Source\PSoC4/ADC_SAR_Seq_1_INT.c ****     /******************************************************************************
  35:.\Generated_Source\PSoC4/ADC_SAR_Seq_1_INT.c ****     * Function Name: ADC_SAR_Seq_1_ISR
  36:.\Generated_Source\PSoC4/ADC_SAR_Seq_1_INT.c ****     *******************************************************************************
  37:.\Generated_Source\PSoC4/ADC_SAR_Seq_1_INT.c ****     *
  38:.\Generated_Source\PSoC4/ADC_SAR_Seq_1_INT.c ****     * Summary:
  39:.\Generated_Source\PSoC4/ADC_SAR_Seq_1_INT.c ****     *  Handle Interrupt Service Routine.
  40:.\Generated_Source\PSoC4/ADC_SAR_Seq_1_INT.c ****     *
  41:.\Generated_Source\PSoC4/ADC_SAR_Seq_1_INT.c ****     * Parameters:
  42:.\Generated_Source\PSoC4/ADC_SAR_Seq_1_INT.c ****     *  None.
  43:.\Generated_Source\PSoC4/ADC_SAR_Seq_1_INT.c ****     *
  44:.\Generated_Source\PSoC4/ADC_SAR_Seq_1_INT.c ****     * Return:
  45:.\Generated_Source\PSoC4/ADC_SAR_Seq_1_INT.c ****     *  None.
  46:.\Generated_Source\PSoC4/ADC_SAR_Seq_1_INT.c ****     *
  47:.\Generated_Source\PSoC4/ADC_SAR_Seq_1_INT.c ****     * Reentrant:
  48:.\Generated_Source\PSoC4/ADC_SAR_Seq_1_INT.c ****     *  No.
  49:.\Generated_Source\PSoC4/ADC_SAR_Seq_1_INT.c ****     *
  50:.\Generated_Source\PSoC4/ADC_SAR_Seq_1_INT.c ****     ******************************************************************************/
  51:.\Generated_Source\PSoC4/ADC_SAR_Seq_1_INT.c ****     CY_ISR( ADC_SAR_Seq_1_ISR )
  52:.\Generated_Source\PSoC4/ADC_SAR_Seq_1_INT.c ****     {
  26              		.loc 1 52 0
  27              		.cfi_startproc
  53:.\Generated_Source\PSoC4/ADC_SAR_Seq_1_INT.c ****         uint32 intr_status;
  54:.\Generated_Source\PSoC4/ADC_SAR_Seq_1_INT.c **** 
  55:.\Generated_Source\PSoC4/ADC_SAR_Seq_1_INT.c ****         /* Read interrupt status register */
  56:.\Generated_Source\PSoC4/ADC_SAR_Seq_1_INT.c ****         intr_status = ADC_SAR_Seq_1_SAR_INTR_REG;
  28              		.loc 1 56 0
  29 0000 014B     		ldr	r3, .L2
  30 0002 1A68     		ldr	r2, [r3]
  31              	.LVL0:
  57:.\Generated_Source\PSoC4/ADC_SAR_Seq_1_INT.c **** 
  58:.\Generated_Source\PSoC4/ADC_SAR_Seq_1_INT.c ****         #ifdef ADC_SAR_Seq_1_ISR_INTERRUPT_CALLBACK
  59:.\Generated_Source\PSoC4/ADC_SAR_Seq_1_INT.c ****             ADC_SAR_Seq_1_ISR_InterruptCallback();
  60:.\Generated_Source\PSoC4/ADC_SAR_Seq_1_INT.c ****         #endif /* ADC_SAR_Seq_1_ISR_INTERRUPT_CALLBACK */
  61:.\Generated_Source\PSoC4/ADC_SAR_Seq_1_INT.c **** 
  62:.\Generated_Source\PSoC4/ADC_SAR_Seq_1_INT.c **** 
  63:.\Generated_Source\PSoC4/ADC_SAR_Seq_1_INT.c ****         /************************************************************************
  64:.\Generated_Source\PSoC4/ADC_SAR_Seq_1_INT.c ****         *  Custom Code
  65:.\Generated_Source\PSoC4/ADC_SAR_Seq_1_INT.c ****         *  - add user ISR code between the following #START and #END tags
  66:.\Generated_Source\PSoC4/ADC_SAR_Seq_1_INT.c ****         *************************************************************************/
  67:.\Generated_Source\PSoC4/ADC_SAR_Seq_1_INT.c ****         /* `#START MAIN_ADC_ISR`  */
  68:.\Generated_Source\PSoC4/ADC_SAR_Seq_1_INT.c **** 
  69:.\Generated_Source\PSoC4/ADC_SAR_Seq_1_INT.c ****         /* `#END`  */
  70:.\Generated_Source\PSoC4/ADC_SAR_Seq_1_INT.c ****         
  71:.\Generated_Source\PSoC4/ADC_SAR_Seq_1_INT.c ****         /* Clear handled interrupt */
  72:.\Generated_Source\PSoC4/ADC_SAR_Seq_1_INT.c ****         ADC_SAR_Seq_1_SAR_INTR_REG = intr_status;
  32              		.loc 1 72 0
  33 0004 1A60     		str	r2, [r3]
  73:.\Generated_Source\PSoC4/ADC_SAR_Seq_1_INT.c ****     }
  34              		.loc 1 73 0
  35              		@ sp needed
  36 0006 7047     		bx	lr
  37              	.L3:
  38              		.align	2
  39              	.L2:
  40 0008 10021A40 		.word	1075446288
  41              		.cfi_endproc
ARM GAS  C:\Users\Nick\AppData\Local\Temp\ccA99TE0.s 			page 3


  42              	.LFE0:
  43              		.size	ADC_SAR_Seq_1_ISR, .-ADC_SAR_Seq_1_ISR
  44              		.text
  45              	.Letext0:
  46              		.file 2 ".\\Generated_Source\\PSoC4\\cytypes.h"
  47              		.section	.debug_info,"",%progbits
  48              	.Ldebug_info0:
  49 0000 BF000000 		.4byte	0xbf
  50 0004 0400     		.2byte	0x4
  51 0006 00000000 		.4byte	.Ldebug_abbrev0
  52 000a 04       		.byte	0x4
  53 000b 01       		.uleb128 0x1
  54 000c 12010000 		.4byte	.LASF15
  55 0010 01       		.byte	0x1
  56 0011 63000000 		.4byte	.LASF16
  57 0015 AF000000 		.4byte	.LASF17
  58 0019 00000000 		.4byte	.Ldebug_ranges0+0
  59 001d 00000000 		.4byte	0
  60 0021 00000000 		.4byte	.Ldebug_line0
  61 0025 02       		.uleb128 0x2
  62 0026 01       		.byte	0x1
  63 0027 06       		.byte	0x6
  64 0028 06010000 		.4byte	.LASF0
  65 002c 02       		.uleb128 0x2
  66 002d 01       		.byte	0x1
  67 002e 08       		.byte	0x8
  68 002f 9C000000 		.4byte	.LASF1
  69 0033 02       		.uleb128 0x2
  70 0034 02       		.byte	0x2
  71 0035 05       		.byte	0x5
  72 0036 A0010000 		.4byte	.LASF2
  73 003a 02       		.uleb128 0x2
  74 003b 02       		.byte	0x2
  75 003c 07       		.byte	0x7
  76 003d F3000000 		.4byte	.LASF3
  77 0041 02       		.uleb128 0x2
  78 0042 04       		.byte	0x4
  79 0043 05       		.byte	0x5
  80 0044 DD000000 		.4byte	.LASF4
  81 0048 02       		.uleb128 0x2
  82 0049 04       		.byte	0x4
  83 004a 07       		.byte	0x7
  84 004b 34000000 		.4byte	.LASF5
  85 004f 02       		.uleb128 0x2
  86 0050 08       		.byte	0x8
  87 0051 05       		.byte	0x5
  88 0052 00000000 		.4byte	.LASF6
  89 0056 02       		.uleb128 0x2
  90 0057 08       		.byte	0x8
  91 0058 07       		.byte	0x7
  92 0059 46000000 		.4byte	.LASF7
  93 005d 03       		.uleb128 0x3
  94 005e 04       		.byte	0x4
  95 005f 05       		.byte	0x5
  96 0060 696E7400 		.ascii	"int\000"
  97 0064 02       		.uleb128 0x2
  98 0065 04       		.byte	0x4
ARM GAS  C:\Users\Nick\AppData\Local\Temp\ccA99TE0.s 			page 4


  99 0066 07       		.byte	0x7
 100 0067 15000000 		.4byte	.LASF8
 101 006b 04       		.uleb128 0x4
 102 006c 0E000000 		.4byte	.LASF12
 103 0070 02       		.byte	0x2
 104 0071 C4       		.byte	0xc4
 105 0072 48000000 		.4byte	0x48
 106 0076 02       		.uleb128 0x2
 107 0077 04       		.byte	0x4
 108 0078 04       		.byte	0x4
 109 0079 5D000000 		.4byte	.LASF9
 110 007d 02       		.uleb128 0x2
 111 007e 08       		.byte	0x8
 112 007f 04       		.byte	0x4
 113 0080 E6000000 		.4byte	.LASF10
 114 0084 02       		.uleb128 0x2
 115 0085 01       		.byte	0x1
 116 0086 08       		.byte	0x8
 117 0087 AA000000 		.4byte	.LASF11
 118 008b 05       		.uleb128 0x5
 119 008c ED000000 		.4byte	.LASF13
 120 0090 02       		.byte	0x2
 121 0091 6E01     		.2byte	0x16e
 122 0093 97000000 		.4byte	0x97
 123 0097 06       		.uleb128 0x6
 124 0098 6B000000 		.4byte	0x6b
 125 009c 02       		.uleb128 0x2
 126 009d 04       		.byte	0x4
 127 009e 07       		.byte	0x7
 128 009f AA010000 		.4byte	.LASF14
 129 00a3 07       		.uleb128 0x7
 130 00a4 22000000 		.4byte	.LASF18
 131 00a8 01       		.byte	0x1
 132 00a9 33       		.byte	0x33
 133 00aa 00000000 		.4byte	.LFB0
 134 00ae 0C000000 		.4byte	.LFE0-.LFB0
 135 00b2 01       		.uleb128 0x1
 136 00b3 9C       		.byte	0x9c
 137 00b4 08       		.uleb128 0x8
 138 00b5 90000000 		.4byte	.LASF19
 139 00b9 01       		.byte	0x1
 140 00ba 35       		.byte	0x35
 141 00bb 6B000000 		.4byte	0x6b
 142 00bf 01       		.uleb128 0x1
 143 00c0 52       		.byte	0x52
 144 00c1 00       		.byte	0
 145 00c2 00       		.byte	0
 146              		.section	.debug_abbrev,"",%progbits
 147              	.Ldebug_abbrev0:
 148 0000 01       		.uleb128 0x1
 149 0001 11       		.uleb128 0x11
 150 0002 01       		.byte	0x1
 151 0003 25       		.uleb128 0x25
 152 0004 0E       		.uleb128 0xe
 153 0005 13       		.uleb128 0x13
 154 0006 0B       		.uleb128 0xb
 155 0007 03       		.uleb128 0x3
ARM GAS  C:\Users\Nick\AppData\Local\Temp\ccA99TE0.s 			page 5


 156 0008 0E       		.uleb128 0xe
 157 0009 1B       		.uleb128 0x1b
 158 000a 0E       		.uleb128 0xe
 159 000b 55       		.uleb128 0x55
 160 000c 17       		.uleb128 0x17
 161 000d 11       		.uleb128 0x11
 162 000e 01       		.uleb128 0x1
 163 000f 10       		.uleb128 0x10
 164 0010 17       		.uleb128 0x17
 165 0011 00       		.byte	0
 166 0012 00       		.byte	0
 167 0013 02       		.uleb128 0x2
 168 0014 24       		.uleb128 0x24
 169 0015 00       		.byte	0
 170 0016 0B       		.uleb128 0xb
 171 0017 0B       		.uleb128 0xb
 172 0018 3E       		.uleb128 0x3e
 173 0019 0B       		.uleb128 0xb
 174 001a 03       		.uleb128 0x3
 175 001b 0E       		.uleb128 0xe
 176 001c 00       		.byte	0
 177 001d 00       		.byte	0
 178 001e 03       		.uleb128 0x3
 179 001f 24       		.uleb128 0x24
 180 0020 00       		.byte	0
 181 0021 0B       		.uleb128 0xb
 182 0022 0B       		.uleb128 0xb
 183 0023 3E       		.uleb128 0x3e
 184 0024 0B       		.uleb128 0xb
 185 0025 03       		.uleb128 0x3
 186 0026 08       		.uleb128 0x8
 187 0027 00       		.byte	0
 188 0028 00       		.byte	0
 189 0029 04       		.uleb128 0x4
 190 002a 16       		.uleb128 0x16
 191 002b 00       		.byte	0
 192 002c 03       		.uleb128 0x3
 193 002d 0E       		.uleb128 0xe
 194 002e 3A       		.uleb128 0x3a
 195 002f 0B       		.uleb128 0xb
 196 0030 3B       		.uleb128 0x3b
 197 0031 0B       		.uleb128 0xb
 198 0032 49       		.uleb128 0x49
 199 0033 13       		.uleb128 0x13
 200 0034 00       		.byte	0
 201 0035 00       		.byte	0
 202 0036 05       		.uleb128 0x5
 203 0037 16       		.uleb128 0x16
 204 0038 00       		.byte	0
 205 0039 03       		.uleb128 0x3
 206 003a 0E       		.uleb128 0xe
 207 003b 3A       		.uleb128 0x3a
 208 003c 0B       		.uleb128 0xb
 209 003d 3B       		.uleb128 0x3b
 210 003e 05       		.uleb128 0x5
 211 003f 49       		.uleb128 0x49
 212 0040 13       		.uleb128 0x13
ARM GAS  C:\Users\Nick\AppData\Local\Temp\ccA99TE0.s 			page 6


 213 0041 00       		.byte	0
 214 0042 00       		.byte	0
 215 0043 06       		.uleb128 0x6
 216 0044 35       		.uleb128 0x35
 217 0045 00       		.byte	0
 218 0046 49       		.uleb128 0x49
 219 0047 13       		.uleb128 0x13
 220 0048 00       		.byte	0
 221 0049 00       		.byte	0
 222 004a 07       		.uleb128 0x7
 223 004b 2E       		.uleb128 0x2e
 224 004c 01       		.byte	0x1
 225 004d 3F       		.uleb128 0x3f
 226 004e 19       		.uleb128 0x19
 227 004f 03       		.uleb128 0x3
 228 0050 0E       		.uleb128 0xe
 229 0051 3A       		.uleb128 0x3a
 230 0052 0B       		.uleb128 0xb
 231 0053 3B       		.uleb128 0x3b
 232 0054 0B       		.uleb128 0xb
 233 0055 27       		.uleb128 0x27
 234 0056 19       		.uleb128 0x19
 235 0057 11       		.uleb128 0x11
 236 0058 01       		.uleb128 0x1
 237 0059 12       		.uleb128 0x12
 238 005a 06       		.uleb128 0x6
 239 005b 40       		.uleb128 0x40
 240 005c 18       		.uleb128 0x18
 241 005d 9742     		.uleb128 0x2117
 242 005f 19       		.uleb128 0x19
 243 0060 00       		.byte	0
 244 0061 00       		.byte	0
 245 0062 08       		.uleb128 0x8
 246 0063 34       		.uleb128 0x34
 247 0064 00       		.byte	0
 248 0065 03       		.uleb128 0x3
 249 0066 0E       		.uleb128 0xe
 250 0067 3A       		.uleb128 0x3a
 251 0068 0B       		.uleb128 0xb
 252 0069 3B       		.uleb128 0x3b
 253 006a 0B       		.uleb128 0xb
 254 006b 49       		.uleb128 0x49
 255 006c 13       		.uleb128 0x13
 256 006d 02       		.uleb128 0x2
 257 006e 18       		.uleb128 0x18
 258 006f 00       		.byte	0
 259 0070 00       		.byte	0
 260 0071 00       		.byte	0
 261              		.section	.debug_aranges,"",%progbits
 262 0000 1C000000 		.4byte	0x1c
 263 0004 0200     		.2byte	0x2
 264 0006 00000000 		.4byte	.Ldebug_info0
 265 000a 04       		.byte	0x4
 266 000b 00       		.byte	0
 267 000c 0000     		.2byte	0
 268 000e 0000     		.2byte	0
 269 0010 00000000 		.4byte	.LFB0
ARM GAS  C:\Users\Nick\AppData\Local\Temp\ccA99TE0.s 			page 7


 270 0014 0C000000 		.4byte	.LFE0-.LFB0
 271 0018 00000000 		.4byte	0
 272 001c 00000000 		.4byte	0
 273              		.section	.debug_ranges,"",%progbits
 274              	.Ldebug_ranges0:
 275 0000 00000000 		.4byte	.LFB0
 276 0004 0C000000 		.4byte	.LFE0
 277 0008 00000000 		.4byte	0
 278 000c 00000000 		.4byte	0
 279              		.section	.debug_line,"",%progbits
 280              	.Ldebug_line0:
 281 0000 6A000000 		.section	.debug_str,"MS",%progbits,1
 281      02005000 
 281      00000201 
 281      FB0E0D00 
 281      01010101 
 282              	.LASF6:
 283 0000 6C6F6E67 		.ascii	"long long int\000"
 283      206C6F6E 
 283      6720696E 
 283      7400
 284              	.LASF12:
 285 000e 75696E74 		.ascii	"uint32\000"
 285      333200
 286              	.LASF8:
 287 0015 756E7369 		.ascii	"unsigned int\000"
 287      676E6564 
 287      20696E74 
 287      00
 288              	.LASF18:
 289 0022 4144435F 		.ascii	"ADC_SAR_Seq_1_ISR\000"
 289      5341525F 
 289      5365715F 
 289      315F4953 
 289      5200
 290              	.LASF5:
 291 0034 6C6F6E67 		.ascii	"long unsigned int\000"
 291      20756E73 
 291      69676E65 
 291      6420696E 
 291      7400
 292              	.LASF7:
 293 0046 6C6F6E67 		.ascii	"long long unsigned int\000"
 293      206C6F6E 
 293      6720756E 
 293      7369676E 
 293      65642069 
 294              	.LASF9:
 295 005d 666C6F61 		.ascii	"float\000"
 295      7400
 296              	.LASF16:
 297 0063 2E5C4765 		.ascii	".\\Generated_Source\\PSoC4\\ADC_SAR_Seq_1_INT.c\000"
 297      6E657261 
 297      7465645F 
 297      536F7572 
 297      63655C50 
 298              	.LASF19:
ARM GAS  C:\Users\Nick\AppData\Local\Temp\ccA99TE0.s 			page 8


 299 0090 696E7472 		.ascii	"intr_status\000"
 299      5F737461 
 299      74757300 
 300              	.LASF1:
 301 009c 756E7369 		.ascii	"unsigned char\000"
 301      676E6564 
 301      20636861 
 301      7200
 302              	.LASF11:
 303 00aa 63686172 		.ascii	"char\000"
 303      00
 304              	.LASF17:
 305 00af 433A5C55 		.ascii	"C:\\Users\\Nick\\Desktop\\Workspace01\\track.cydsn\000"
 305      73657273 
 305      5C4E6963 
 305      6B5C4465 
 305      736B746F 
 306              	.LASF4:
 307 00dd 6C6F6E67 		.ascii	"long int\000"
 307      20696E74 
 307      00
 308              	.LASF10:
 309 00e6 646F7562 		.ascii	"double\000"
 309      6C6500
 310              	.LASF13:
 311 00ed 72656733 		.ascii	"reg32\000"
 311      3200
 312              	.LASF3:
 313 00f3 73686F72 		.ascii	"short unsigned int\000"
 313      7420756E 
 313      7369676E 
 313      65642069 
 313      6E7400
 314              	.LASF0:
 315 0106 7369676E 		.ascii	"signed char\000"
 315      65642063 
 315      68617200 
 316              	.LASF15:
 317 0112 474E5520 		.ascii	"GNU C 4.9.3 20150303 (release) [ARM/embedded-4_9-br"
 317      4320342E 
 317      392E3320 
 317      32303135 
 317      30333033 
 318 0145 616E6368 		.ascii	"anch revision 221220] -mcpu=cortex-m0 -mthumb -g -O"
 318      20726576 
 318      6973696F 
 318      6E203232 
 318      31323230 
 319 0178 67202D66 		.ascii	"g -ffunction-sections -ffat-lto-objects\000"
 319      66756E63 
 319      74696F6E 
 319      2D736563 
 319      74696F6E 
 320              	.LASF2:
 321 01a0 73686F72 		.ascii	"short int\000"
 321      7420696E 
 321      7400
ARM GAS  C:\Users\Nick\AppData\Local\Temp\ccA99TE0.s 			page 9


 322              	.LASF14:
 323 01aa 73697A65 		.ascii	"sizetype\000"
 323      74797065 
 323      00
 324              		.ident	"GCC: (GNU Tools for ARM Embedded Processors) 4.9.3 20150303 (release) [ARM/embedded-4_9-br
