--------------- Clean Started: 04/03/2019 16:28:48 Project: track, Configuration: ARM GCC 4.9-2015-q1-update Debug ---------------
Deleting file ".\CortexM0\ARM_GCC_493\Debug\main.o"
Deleting file ".\CortexM0\ARM_GCC_493\Debug\cyfitter_cfg.o"
Deleting file ".\CortexM0\ARM_GCC_493\Debug\cymetadata.o"
Deleting file ".\CortexM0\ARM_GCC_493\Debug\LCD_Char_1_BarGraph.o"
Deleting file ".\CortexM0\ARM_GCC_493\Debug\LCD_Char_1.o"
Deleting file ".\CortexM0\ARM_GCC_493\Debug\LCD_Char_1_PM.o"
Deleting file ".\CortexM0\ARM_GCC_493\Debug\Clock_1.o"
Deleting file ".\CortexM0\ARM_GCC_493\Debug\ADC_SAR_Seq_1.o"
Deleting file ".\CortexM0\ARM_GCC_493\Debug\ADC_SAR_Seq_1_PM.o"
Deleting file ".\CortexM0\ARM_GCC_493\Debug\ADC_SAR_Seq_1_INT.o"
Deleting file ".\CortexM0\ARM_GCC_493\Debug\PWM_OUT1.o"
Deleting file ".\CortexM0\ARM_GCC_493\Debug\PWM_1.o"
Deleting file ".\CortexM0\ARM_GCC_493\Debug\PWM_1_PM.o"
Deleting file ".\CortexM0\ARM_GCC_493\Debug\PWM_2.o"
Deleting file ".\CortexM0\ARM_GCC_493\Debug\PWM_2_PM.o"
Deleting file ".\CortexM0\ARM_GCC_493\Debug\Clock_2.o"
Deleting file ".\CortexM0\ARM_GCC_493\Debug\PWM_OUT2.o"
Deleting file ".\CortexM0\ARM_GCC_493\Debug\Pin_1.o"
Deleting file ".\CortexM0\ARM_GCC_493\Debug\Pin_2.o"
Deleting file ".\CortexM0\ARM_GCC_493\Debug\Pin_3.o"
Deleting file ".\CortexM0\ARM_GCC_493\Debug\LCD_Char_1_LCDPort.o"
Deleting file ".\CortexM0\ARM_GCC_493\Debug\ADC_SAR_Seq_1_IRQ.o"
Deleting file ".\CortexM0\ARM_GCC_493\Debug\ADC_SAR_Seq_1_intClock.o"
Deleting file ".\CortexM0\ARM_GCC_493\Debug\Cm0Start.o"
Deleting file ".\CortexM0\ARM_GCC_493\Debug\CyBootAsmGnu.o"
Deleting file ".\CortexM0\ARM_GCC_493\Debug\CyFlash.o"
Deleting file ".\CortexM0\ARM_GCC_493\Debug\CyLib.o"
Deleting file ".\CortexM0\ARM_GCC_493\Debug\cyPm.o"
Deleting file ".\CortexM0\ARM_GCC_493\Debug\cyutils.o"
Deleting file ".\CortexM0\ARM_GCC_493\Debug\CyLFClk.o"
Deleting file ".\CortexM0\ARM_GCC_493\Debug\track.hex"
Deleting file ".\CortexM0\ARM_GCC_493\Debug\track.elf"
Deleting file ".\CortexM0\ARM_GCC_493\Debug\track.map"
Deleting file ".\track.cycdx"
Deleting file ".\track.svd"
Deleting file ".\track.rpt"
Deleting file ".\track_timing.html"
Deleting file ".\CortexM0\ARM_GCC_493\Debug\.deps\C_FILE.P"
Deleting file ".\CortexM0\ARM_GCC_493\Debug\.deps\ARM_C_FILE.P"
Deleting file ".\CortexM0\ARM_GCC_493\Debug\.deps\GNU_ARM_ASM_FILE.P"
--------------- Clean Succeeded: 04/03/2019 16:28:48 ---------------
