ARM GAS  C:\Users\Nick\AppData\Local\Temp\ccXvcl2Y.s 			page 1


   1              		.cpu cortex-m0
   2              		.fpu softvfp
   3              		.eabi_attribute 20, 1
   4              		.eabi_attribute 21, 1
   5              		.eabi_attribute 23, 3
   6              		.eabi_attribute 24, 1
   7              		.eabi_attribute 25, 1
   8              		.eabi_attribute 26, 1
   9              		.eabi_attribute 30, 1
  10              		.eabi_attribute 34, 0
  11              		.eabi_attribute 18, 4
  12              		.code	16
  13              		.file	"LCD_Char_1_PM.c"
  14              		.text
  15              	.Ltext0:
  16              		.cfi_sections	.debug_frame
  17              		.section	.text.LCD_Char_1_SaveConfig,"ax",%progbits
  18              		.align	2
  19              		.global	LCD_Char_1_SaveConfig
  20              		.code	16
  21              		.thumb_func
  22              		.type	LCD_Char_1_SaveConfig, %function
  23              	LCD_Char_1_SaveConfig:
  24              	.LFB0:
  25              		.file 1 ".\\Generated_Source\\PSoC4\\LCD_Char_1_PM.c"
   1:.\Generated_Source\PSoC4/LCD_Char_1_PM.c **** /*******************************************************************************
   2:.\Generated_Source\PSoC4/LCD_Char_1_PM.c **** * File Name: LCD_Char_1_PM.c
   3:.\Generated_Source\PSoC4/LCD_Char_1_PM.c **** * Version 2.10
   4:.\Generated_Source\PSoC4/LCD_Char_1_PM.c **** *
   5:.\Generated_Source\PSoC4/LCD_Char_1_PM.c **** * Description:
   6:.\Generated_Source\PSoC4/LCD_Char_1_PM.c **** *  This file provides the API source code for the Static Segment LCD component.
   7:.\Generated_Source\PSoC4/LCD_Char_1_PM.c **** *
   8:.\Generated_Source\PSoC4/LCD_Char_1_PM.c **** * Note:
   9:.\Generated_Source\PSoC4/LCD_Char_1_PM.c **** *
  10:.\Generated_Source\PSoC4/LCD_Char_1_PM.c **** ********************************************************************************
  11:.\Generated_Source\PSoC4/LCD_Char_1_PM.c **** * Copyright 2008-2014, Cypress Semiconductor Corporation.  All rights reserved.
  12:.\Generated_Source\PSoC4/LCD_Char_1_PM.c **** * You may use this file only in accordance with the license, terms, conditions,
  13:.\Generated_Source\PSoC4/LCD_Char_1_PM.c **** * disclaimers, and limitations in the end user license agreement accompanying
  14:.\Generated_Source\PSoC4/LCD_Char_1_PM.c **** * the software package with which this file was provided.
  15:.\Generated_Source\PSoC4/LCD_Char_1_PM.c **** *******************************************************************************/
  16:.\Generated_Source\PSoC4/LCD_Char_1_PM.c **** 
  17:.\Generated_Source\PSoC4/LCD_Char_1_PM.c **** #include "LCD_Char_1.h"
  18:.\Generated_Source\PSoC4/LCD_Char_1_PM.c **** 
  19:.\Generated_Source\PSoC4/LCD_Char_1_PM.c **** 
  20:.\Generated_Source\PSoC4/LCD_Char_1_PM.c **** static LCD_Char_1_BACKUP_STRUCT LCD_Char_1_backup;
  21:.\Generated_Source\PSoC4/LCD_Char_1_PM.c **** 
  22:.\Generated_Source\PSoC4/LCD_Char_1_PM.c **** 
  23:.\Generated_Source\PSoC4/LCD_Char_1_PM.c **** /*******************************************************************************
  24:.\Generated_Source\PSoC4/LCD_Char_1_PM.c **** * Function Name: LCD_Char_1_SaveConfig
  25:.\Generated_Source\PSoC4/LCD_Char_1_PM.c **** ********************************************************************************
  26:.\Generated_Source\PSoC4/LCD_Char_1_PM.c **** *
  27:.\Generated_Source\PSoC4/LCD_Char_1_PM.c **** * Summary:
  28:.\Generated_Source\PSoC4/LCD_Char_1_PM.c **** *  Does nothing, provided for consistency.
  29:.\Generated_Source\PSoC4/LCD_Char_1_PM.c **** *
  30:.\Generated_Source\PSoC4/LCD_Char_1_PM.c **** * Parameters:
  31:.\Generated_Source\PSoC4/LCD_Char_1_PM.c **** *  None.
  32:.\Generated_Source\PSoC4/LCD_Char_1_PM.c **** *
ARM GAS  C:\Users\Nick\AppData\Local\Temp\ccXvcl2Y.s 			page 2


  33:.\Generated_Source\PSoC4/LCD_Char_1_PM.c **** * Return:
  34:.\Generated_Source\PSoC4/LCD_Char_1_PM.c **** *  None.
  35:.\Generated_Source\PSoC4/LCD_Char_1_PM.c **** *
  36:.\Generated_Source\PSoC4/LCD_Char_1_PM.c **** *******************************************************************************/
  37:.\Generated_Source\PSoC4/LCD_Char_1_PM.c **** void LCD_Char_1_SaveConfig(void) 
  38:.\Generated_Source\PSoC4/LCD_Char_1_PM.c **** {
  26              		.loc 1 38 0
  27              		.cfi_startproc
  39:.\Generated_Source\PSoC4/LCD_Char_1_PM.c **** }
  28              		.loc 1 39 0
  29              		@ sp needed
  30 0000 7047     		bx	lr
  31              		.cfi_endproc
  32              	.LFE0:
  33              		.size	LCD_Char_1_SaveConfig, .-LCD_Char_1_SaveConfig
  34 0002 C046     		.section	.text.LCD_Char_1_RestoreConfig,"ax",%progbits
  35              		.align	2
  36              		.global	LCD_Char_1_RestoreConfig
  37              		.code	16
  38              		.thumb_func
  39              		.type	LCD_Char_1_RestoreConfig, %function
  40              	LCD_Char_1_RestoreConfig:
  41              	.LFB1:
  40:.\Generated_Source\PSoC4/LCD_Char_1_PM.c **** 
  41:.\Generated_Source\PSoC4/LCD_Char_1_PM.c **** 
  42:.\Generated_Source\PSoC4/LCD_Char_1_PM.c **** /*******************************************************************************
  43:.\Generated_Source\PSoC4/LCD_Char_1_PM.c **** * Function Name: LCD_Char_1_RestoreConfig
  44:.\Generated_Source\PSoC4/LCD_Char_1_PM.c **** ********************************************************************************
  45:.\Generated_Source\PSoC4/LCD_Char_1_PM.c **** *
  46:.\Generated_Source\PSoC4/LCD_Char_1_PM.c **** * Summary:
  47:.\Generated_Source\PSoC4/LCD_Char_1_PM.c **** *  Does nothing, provided for consistency.
  48:.\Generated_Source\PSoC4/LCD_Char_1_PM.c **** *
  49:.\Generated_Source\PSoC4/LCD_Char_1_PM.c **** * Parameters:
  50:.\Generated_Source\PSoC4/LCD_Char_1_PM.c **** *  None.
  51:.\Generated_Source\PSoC4/LCD_Char_1_PM.c **** *
  52:.\Generated_Source\PSoC4/LCD_Char_1_PM.c **** * Return:
  53:.\Generated_Source\PSoC4/LCD_Char_1_PM.c **** *  None.
  54:.\Generated_Source\PSoC4/LCD_Char_1_PM.c **** *
  55:.\Generated_Source\PSoC4/LCD_Char_1_PM.c **** *******************************************************************************/
  56:.\Generated_Source\PSoC4/LCD_Char_1_PM.c **** void LCD_Char_1_RestoreConfig(void) 
  57:.\Generated_Source\PSoC4/LCD_Char_1_PM.c **** {
  42              		.loc 1 57 0
  43              		.cfi_startproc
  58:.\Generated_Source\PSoC4/LCD_Char_1_PM.c **** }
  44              		.loc 1 58 0
  45              		@ sp needed
  46 0000 7047     		bx	lr
  47              		.cfi_endproc
  48              	.LFE1:
  49              		.size	LCD_Char_1_RestoreConfig, .-LCD_Char_1_RestoreConfig
  50 0002 C046     		.section	.text.LCD_Char_1_Sleep,"ax",%progbits
  51              		.align	2
  52              		.global	LCD_Char_1_Sleep
  53              		.code	16
  54              		.thumb_func
  55              		.type	LCD_Char_1_Sleep, %function
  56              	LCD_Char_1_Sleep:
ARM GAS  C:\Users\Nick\AppData\Local\Temp\ccXvcl2Y.s 			page 3


  57              	.LFB2:
  59:.\Generated_Source\PSoC4/LCD_Char_1_PM.c **** 
  60:.\Generated_Source\PSoC4/LCD_Char_1_PM.c **** 
  61:.\Generated_Source\PSoC4/LCD_Char_1_PM.c **** /*******************************************************************************
  62:.\Generated_Source\PSoC4/LCD_Char_1_PM.c **** * Function Name: LCD_Char_1_Sleep
  63:.\Generated_Source\PSoC4/LCD_Char_1_PM.c **** ********************************************************************************
  64:.\Generated_Source\PSoC4/LCD_Char_1_PM.c **** *
  65:.\Generated_Source\PSoC4/LCD_Char_1_PM.c **** * Summary:
  66:.\Generated_Source\PSoC4/LCD_Char_1_PM.c **** *  Prepares the component for entering the sleep mode.
  67:.\Generated_Source\PSoC4/LCD_Char_1_PM.c **** *
  68:.\Generated_Source\PSoC4/LCD_Char_1_PM.c **** * Parameters:
  69:.\Generated_Source\PSoC4/LCD_Char_1_PM.c **** *  None.
  70:.\Generated_Source\PSoC4/LCD_Char_1_PM.c **** *
  71:.\Generated_Source\PSoC4/LCD_Char_1_PM.c **** * Return:
  72:.\Generated_Source\PSoC4/LCD_Char_1_PM.c **** *  None.
  73:.\Generated_Source\PSoC4/LCD_Char_1_PM.c **** *
  74:.\Generated_Source\PSoC4/LCD_Char_1_PM.c **** * Reentrant:
  75:.\Generated_Source\PSoC4/LCD_Char_1_PM.c **** *  No.
  76:.\Generated_Source\PSoC4/LCD_Char_1_PM.c **** *
  77:.\Generated_Source\PSoC4/LCD_Char_1_PM.c **** *******************************************************************************/
  78:.\Generated_Source\PSoC4/LCD_Char_1_PM.c **** void LCD_Char_1_Sleep(void) 
  79:.\Generated_Source\PSoC4/LCD_Char_1_PM.c **** {
  58              		.loc 1 79 0
  59              		.cfi_startproc
  60 0000 08B5     		push	{r3, lr}
  61              		.cfi_def_cfa_offset 8
  62              		.cfi_offset 3, -8
  63              		.cfi_offset 14, -4
  80:.\Generated_Source\PSoC4/LCD_Char_1_PM.c ****     LCD_Char_1_backup.enableState = LCD_Char_1_enableState;
  64              		.loc 1 80 0
  65 0002 034B     		ldr	r3, .L4
  66 0004 1A78     		ldrb	r2, [r3]
  67 0006 034B     		ldr	r3, .L4+4
  68 0008 1A70     		strb	r2, [r3]
  81:.\Generated_Source\PSoC4/LCD_Char_1_PM.c ****     LCD_Char_1_SaveConfig();
  82:.\Generated_Source\PSoC4/LCD_Char_1_PM.c ****     LCD_Char_1_Stop();
  69              		.loc 1 82 0
  70 000a FFF7FEFF 		bl	LCD_Char_1_Stop
  71              	.LVL0:
  83:.\Generated_Source\PSoC4/LCD_Char_1_PM.c **** }
  72              		.loc 1 83 0
  73              		@ sp needed
  74 000e 08BD     		pop	{r3, pc}
  75              	.L5:
  76              		.align	2
  77              	.L4:
  78 0010 00000000 		.word	LCD_Char_1_enableState
  79 0014 00000000 		.word	.LANCHOR0
  80              		.cfi_endproc
  81              	.LFE2:
  82              		.size	LCD_Char_1_Sleep, .-LCD_Char_1_Sleep
  83              		.section	.text.LCD_Char_1_Wakeup,"ax",%progbits
  84              		.align	2
  85              		.global	LCD_Char_1_Wakeup
  86              		.code	16
  87              		.thumb_func
  88              		.type	LCD_Char_1_Wakeup, %function
ARM GAS  C:\Users\Nick\AppData\Local\Temp\ccXvcl2Y.s 			page 4


  89              	LCD_Char_1_Wakeup:
  90              	.LFB3:
  84:.\Generated_Source\PSoC4/LCD_Char_1_PM.c **** 
  85:.\Generated_Source\PSoC4/LCD_Char_1_PM.c **** 
  86:.\Generated_Source\PSoC4/LCD_Char_1_PM.c **** /*******************************************************************************
  87:.\Generated_Source\PSoC4/LCD_Char_1_PM.c **** * Function Name: LCD_Char_1_Wakeup
  88:.\Generated_Source\PSoC4/LCD_Char_1_PM.c **** ********************************************************************************
  89:.\Generated_Source\PSoC4/LCD_Char_1_PM.c **** *
  90:.\Generated_Source\PSoC4/LCD_Char_1_PM.c **** * Summary:
  91:.\Generated_Source\PSoC4/LCD_Char_1_PM.c **** *  Wakes the component from sleep mode. Configures DMA and enables the component
  92:.\Generated_Source\PSoC4/LCD_Char_1_PM.c **** *  for normal operation.
  93:.\Generated_Source\PSoC4/LCD_Char_1_PM.c **** *
  94:.\Generated_Source\PSoC4/LCD_Char_1_PM.c **** * Parameters:
  95:.\Generated_Source\PSoC4/LCD_Char_1_PM.c **** *  LCD_Char_1_enableState - Global variable.
  96:.\Generated_Source\PSoC4/LCD_Char_1_PM.c **** *
  97:.\Generated_Source\PSoC4/LCD_Char_1_PM.c **** * Return:
  98:.\Generated_Source\PSoC4/LCD_Char_1_PM.c **** *  Status one of standard status for PSoC3 Component
  99:.\Generated_Source\PSoC4/LCD_Char_1_PM.c **** *       CYRET_SUCCESS - Function completed successfully.
 100:.\Generated_Source\PSoC4/LCD_Char_1_PM.c **** *       CYRET_LOCKED - The object was locked, already in use. Some of TDs or
 101:.\Generated_Source\PSoC4/LCD_Char_1_PM.c **** *                      a channel already in use.
 102:.\Generated_Source\PSoC4/LCD_Char_1_PM.c **** *
 103:.\Generated_Source\PSoC4/LCD_Char_1_PM.c **** * Reentrant:
 104:.\Generated_Source\PSoC4/LCD_Char_1_PM.c **** *  No.
 105:.\Generated_Source\PSoC4/LCD_Char_1_PM.c **** *
 106:.\Generated_Source\PSoC4/LCD_Char_1_PM.c **** *******************************************************************************/
 107:.\Generated_Source\PSoC4/LCD_Char_1_PM.c **** void LCD_Char_1_Wakeup(void) 
 108:.\Generated_Source\PSoC4/LCD_Char_1_PM.c **** {
  91              		.loc 1 108 0
  92              		.cfi_startproc
  93 0000 08B5     		push	{r3, lr}
  94              		.cfi_def_cfa_offset 8
  95              		.cfi_offset 3, -8
  96              		.cfi_offset 14, -4
 109:.\Generated_Source\PSoC4/LCD_Char_1_PM.c ****     LCD_Char_1_RestoreConfig();
 110:.\Generated_Source\PSoC4/LCD_Char_1_PM.c **** 
 111:.\Generated_Source\PSoC4/LCD_Char_1_PM.c ****     if(LCD_Char_1_backup.enableState == 1u)
  97              		.loc 1 111 0
  98 0002 034B     		ldr	r3, .L8
  99 0004 1B78     		ldrb	r3, [r3]
 100 0006 012B     		cmp	r3, #1
 101 0008 01D1     		bne	.L6
 112:.\Generated_Source\PSoC4/LCD_Char_1_PM.c ****     {
 113:.\Generated_Source\PSoC4/LCD_Char_1_PM.c ****         LCD_Char_1_Enable();
 102              		.loc 1 113 0
 103 000a FFF7FEFF 		bl	LCD_Char_1_Enable
 104              	.LVL1:
 105              	.L6:
 114:.\Generated_Source\PSoC4/LCD_Char_1_PM.c ****     }
 115:.\Generated_Source\PSoC4/LCD_Char_1_PM.c **** }
 106              		.loc 1 115 0
 107              		@ sp needed
 108 000e 08BD     		pop	{r3, pc}
 109              	.L9:
 110              		.align	2
 111              	.L8:
 112 0010 00000000 		.word	.LANCHOR0
 113              		.cfi_endproc
ARM GAS  C:\Users\Nick\AppData\Local\Temp\ccXvcl2Y.s 			page 5


 114              	.LFE3:
 115              		.size	LCD_Char_1_Wakeup, .-LCD_Char_1_Wakeup
 116              		.bss
 117              		.align	2
 118              		.set	.LANCHOR0,. + 0
 119              		.type	LCD_Char_1_backup, %object
 120              		.size	LCD_Char_1_backup, 1
 121              	LCD_Char_1_backup:
 122 0000 00       		.space	1
 123 0001 000000   		.text
 124              	.Letext0:
 125              		.file 2 ".\\Generated_Source\\PSoC4\\cytypes.h"
 126              		.file 3 ".\\Generated_Source\\PSoC4\\LCD_Char_1.h"
 127              		.section	.debug_info,"",%progbits
 128              	.Ldebug_info0:
 129 0000 32010000 		.4byte	0x132
 130 0004 0400     		.2byte	0x4
 131 0006 00000000 		.4byte	.Ldebug_abbrev0
 132 000a 04       		.byte	0x4
 133 000b 01       		.uleb128 0x1
 134 000c 46010000 		.4byte	.LASF20
 135 0010 01       		.byte	0x1
 136 0011 A2000000 		.4byte	.LASF21
 137 0015 DE010000 		.4byte	.LASF22
 138 0019 00000000 		.4byte	.Ldebug_ranges0+0
 139 001d 00000000 		.4byte	0
 140 0021 00000000 		.4byte	.Ldebug_line0
 141 0025 02       		.uleb128 0x2
 142 0026 01       		.byte	0x1
 143 0027 06       		.byte	0x6
 144 0028 21020000 		.4byte	.LASF0
 145 002c 02       		.uleb128 0x2
 146 002d 01       		.byte	0x1
 147 002e 08       		.byte	0x8
 148 002f 3F000000 		.4byte	.LASF1
 149 0033 02       		.uleb128 0x2
 150 0034 02       		.byte	0x2
 151 0035 05       		.byte	0x5
 152 0036 D4010000 		.4byte	.LASF2
 153 003a 02       		.uleb128 0x2
 154 003b 02       		.byte	0x2
 155 003c 07       		.byte	0x7
 156 003d 78000000 		.4byte	.LASF3
 157 0041 02       		.uleb128 0x2
 158 0042 04       		.byte	0x4
 159 0043 05       		.byte	0x5
 160 0044 0C020000 		.4byte	.LASF4
 161 0048 02       		.uleb128 0x2
 162 0049 04       		.byte	0x4
 163 004a 07       		.byte	0x7
 164 004b 66000000 		.4byte	.LASF5
 165 004f 02       		.uleb128 0x2
 166 0050 08       		.byte	0x8
 167 0051 05       		.byte	0x5
 168 0052 33010000 		.4byte	.LASF6
 169 0056 02       		.uleb128 0x2
 170 0057 08       		.byte	0x8
ARM GAS  C:\Users\Nick\AppData\Local\Temp\ccXvcl2Y.s 			page 6


 171 0058 07       		.byte	0x7
 172 0059 0A010000 		.4byte	.LASF7
 173 005d 03       		.uleb128 0x3
 174 005e 04       		.byte	0x4
 175 005f 05       		.byte	0x5
 176 0060 696E7400 		.ascii	"int\000"
 177 0064 02       		.uleb128 0x2
 178 0065 04       		.byte	0x4
 179 0066 07       		.byte	0x7
 180 0067 FD000000 		.4byte	.LASF8
 181 006b 04       		.uleb128 0x4
 182 006c 39000000 		.4byte	.LASF12
 183 0070 02       		.byte	0x2
 184 0071 C2       		.byte	0xc2
 185 0072 2C000000 		.4byte	0x2c
 186 0076 02       		.uleb128 0x2
 187 0077 04       		.byte	0x4
 188 0078 04       		.byte	0x4
 189 0079 33000000 		.4byte	.LASF9
 190 007d 02       		.uleb128 0x2
 191 007e 08       		.byte	0x8
 192 007f 04       		.byte	0x4
 193 0080 DD000000 		.4byte	.LASF10
 194 0084 02       		.uleb128 0x2
 195 0085 01       		.byte	0x1
 196 0086 08       		.byte	0x8
 197 0087 41010000 		.4byte	.LASF11
 198 008b 05       		.uleb128 0x5
 199 008c 01       		.byte	0x1
 200 008d 03       		.byte	0x3
 201 008e 2C       		.byte	0x2c
 202 008f A0000000 		.4byte	0xa0
 203 0093 06       		.uleb128 0x6
 204 0094 15020000 		.4byte	.LASF23
 205 0098 03       		.byte	0x3
 206 0099 2E       		.byte	0x2e
 207 009a 6B000000 		.4byte	0x6b
 208 009e 00       		.byte	0
 209 009f 00       		.byte	0
 210 00a0 04       		.uleb128 0x4
 211 00a1 E4000000 		.4byte	.LASF13
 212 00a5 03       		.byte	0x3
 213 00a6 2F       		.byte	0x2f
 214 00a7 8B000000 		.4byte	0x8b
 215 00ab 07       		.uleb128 0x7
 216 00ac 2D020000 		.4byte	.LASF14
 217 00b0 01       		.byte	0x1
 218 00b1 25       		.byte	0x25
 219 00b2 00000000 		.4byte	.LFB0
 220 00b6 02000000 		.4byte	.LFE0-.LFB0
 221 00ba 01       		.uleb128 0x1
 222 00bb 9C       		.byte	0x9c
 223 00bc 07       		.uleb128 0x7
 224 00bd 4D000000 		.4byte	.LASF15
 225 00c1 01       		.byte	0x1
 226 00c2 38       		.byte	0x38
 227 00c3 00000000 		.4byte	.LFB1
ARM GAS  C:\Users\Nick\AppData\Local\Temp\ccXvcl2Y.s 			page 7


 228 00c7 02000000 		.4byte	.LFE1-.LFB1
 229 00cb 01       		.uleb128 0x1
 230 00cc 9C       		.byte	0x9c
 231 00cd 08       		.uleb128 0x8
 232 00ce 00000000 		.4byte	.LASF16
 233 00d2 01       		.byte	0x1
 234 00d3 4E       		.byte	0x4e
 235 00d4 00000000 		.4byte	.LFB2
 236 00d8 18000000 		.4byte	.LFE2-.LFB2
 237 00dc 01       		.uleb128 0x1
 238 00dd 9C       		.byte	0x9c
 239 00de EC000000 		.4byte	0xec
 240 00e2 09       		.uleb128 0x9
 241 00e3 0E000000 		.4byte	.LVL0
 242 00e7 27010000 		.4byte	0x127
 243 00eb 00       		.byte	0
 244 00ec 08       		.uleb128 0x8
 245 00ed 21010000 		.4byte	.LASF17
 246 00f1 01       		.byte	0x1
 247 00f2 6B       		.byte	0x6b
 248 00f3 00000000 		.4byte	.LFB3
 249 00f7 14000000 		.4byte	.LFE3-.LFB3
 250 00fb 01       		.uleb128 0x1
 251 00fc 9C       		.byte	0x9c
 252 00fd 0B010000 		.4byte	0x10b
 253 0101 09       		.uleb128 0x9
 254 0102 0E000000 		.4byte	.LVL1
 255 0106 2E010000 		.4byte	0x12e
 256 010a 00       		.byte	0
 257 010b 0A       		.uleb128 0xa
 258 010c CB000000 		.4byte	.LASF24
 259 0110 01       		.byte	0x1
 260 0111 14       		.byte	0x14
 261 0112 A0000000 		.4byte	0xa0
 262 0116 05       		.uleb128 0x5
 263 0117 03       		.byte	0x3
 264 0118 00000000 		.4byte	LCD_Char_1_backup
 265 011c 0B       		.uleb128 0xb
 266 011d 8B000000 		.4byte	.LASF25
 267 0121 03       		.byte	0x3
 268 0122 76       		.byte	0x76
 269 0123 6B000000 		.4byte	0x6b
 270 0127 0C       		.uleb128 0xc
 271 0128 23000000 		.4byte	.LASF18
 272 012c 03       		.byte	0x3
 273 012d 39       		.byte	0x39
 274 012e 0C       		.uleb128 0xc
 275 012f 11000000 		.4byte	.LASF19
 276 0133 03       		.byte	0x3
 277 0134 37       		.byte	0x37
 278 0135 00       		.byte	0
 279              		.section	.debug_abbrev,"",%progbits
 280              	.Ldebug_abbrev0:
 281 0000 01       		.uleb128 0x1
 282 0001 11       		.uleb128 0x11
 283 0002 01       		.byte	0x1
 284 0003 25       		.uleb128 0x25
ARM GAS  C:\Users\Nick\AppData\Local\Temp\ccXvcl2Y.s 			page 8


 285 0004 0E       		.uleb128 0xe
 286 0005 13       		.uleb128 0x13
 287 0006 0B       		.uleb128 0xb
 288 0007 03       		.uleb128 0x3
 289 0008 0E       		.uleb128 0xe
 290 0009 1B       		.uleb128 0x1b
 291 000a 0E       		.uleb128 0xe
 292 000b 55       		.uleb128 0x55
 293 000c 17       		.uleb128 0x17
 294 000d 11       		.uleb128 0x11
 295 000e 01       		.uleb128 0x1
 296 000f 10       		.uleb128 0x10
 297 0010 17       		.uleb128 0x17
 298 0011 00       		.byte	0
 299 0012 00       		.byte	0
 300 0013 02       		.uleb128 0x2
 301 0014 24       		.uleb128 0x24
 302 0015 00       		.byte	0
 303 0016 0B       		.uleb128 0xb
 304 0017 0B       		.uleb128 0xb
 305 0018 3E       		.uleb128 0x3e
 306 0019 0B       		.uleb128 0xb
 307 001a 03       		.uleb128 0x3
 308 001b 0E       		.uleb128 0xe
 309 001c 00       		.byte	0
 310 001d 00       		.byte	0
 311 001e 03       		.uleb128 0x3
 312 001f 24       		.uleb128 0x24
 313 0020 00       		.byte	0
 314 0021 0B       		.uleb128 0xb
 315 0022 0B       		.uleb128 0xb
 316 0023 3E       		.uleb128 0x3e
 317 0024 0B       		.uleb128 0xb
 318 0025 03       		.uleb128 0x3
 319 0026 08       		.uleb128 0x8
 320 0027 00       		.byte	0
 321 0028 00       		.byte	0
 322 0029 04       		.uleb128 0x4
 323 002a 16       		.uleb128 0x16
 324 002b 00       		.byte	0
 325 002c 03       		.uleb128 0x3
 326 002d 0E       		.uleb128 0xe
 327 002e 3A       		.uleb128 0x3a
 328 002f 0B       		.uleb128 0xb
 329 0030 3B       		.uleb128 0x3b
 330 0031 0B       		.uleb128 0xb
 331 0032 49       		.uleb128 0x49
 332 0033 13       		.uleb128 0x13
 333 0034 00       		.byte	0
 334 0035 00       		.byte	0
 335 0036 05       		.uleb128 0x5
 336 0037 13       		.uleb128 0x13
 337 0038 01       		.byte	0x1
 338 0039 0B       		.uleb128 0xb
 339 003a 0B       		.uleb128 0xb
 340 003b 3A       		.uleb128 0x3a
 341 003c 0B       		.uleb128 0xb
ARM GAS  C:\Users\Nick\AppData\Local\Temp\ccXvcl2Y.s 			page 9


 342 003d 3B       		.uleb128 0x3b
 343 003e 0B       		.uleb128 0xb
 344 003f 01       		.uleb128 0x1
 345 0040 13       		.uleb128 0x13
 346 0041 00       		.byte	0
 347 0042 00       		.byte	0
 348 0043 06       		.uleb128 0x6
 349 0044 0D       		.uleb128 0xd
 350 0045 00       		.byte	0
 351 0046 03       		.uleb128 0x3
 352 0047 0E       		.uleb128 0xe
 353 0048 3A       		.uleb128 0x3a
 354 0049 0B       		.uleb128 0xb
 355 004a 3B       		.uleb128 0x3b
 356 004b 0B       		.uleb128 0xb
 357 004c 49       		.uleb128 0x49
 358 004d 13       		.uleb128 0x13
 359 004e 38       		.uleb128 0x38
 360 004f 0B       		.uleb128 0xb
 361 0050 00       		.byte	0
 362 0051 00       		.byte	0
 363 0052 07       		.uleb128 0x7
 364 0053 2E       		.uleb128 0x2e
 365 0054 00       		.byte	0
 366 0055 3F       		.uleb128 0x3f
 367 0056 19       		.uleb128 0x19
 368 0057 03       		.uleb128 0x3
 369 0058 0E       		.uleb128 0xe
 370 0059 3A       		.uleb128 0x3a
 371 005a 0B       		.uleb128 0xb
 372 005b 3B       		.uleb128 0x3b
 373 005c 0B       		.uleb128 0xb
 374 005d 27       		.uleb128 0x27
 375 005e 19       		.uleb128 0x19
 376 005f 11       		.uleb128 0x11
 377 0060 01       		.uleb128 0x1
 378 0061 12       		.uleb128 0x12
 379 0062 06       		.uleb128 0x6
 380 0063 40       		.uleb128 0x40
 381 0064 18       		.uleb128 0x18
 382 0065 9742     		.uleb128 0x2117
 383 0067 19       		.uleb128 0x19
 384 0068 00       		.byte	0
 385 0069 00       		.byte	0
 386 006a 08       		.uleb128 0x8
 387 006b 2E       		.uleb128 0x2e
 388 006c 01       		.byte	0x1
 389 006d 3F       		.uleb128 0x3f
 390 006e 19       		.uleb128 0x19
 391 006f 03       		.uleb128 0x3
 392 0070 0E       		.uleb128 0xe
 393 0071 3A       		.uleb128 0x3a
 394 0072 0B       		.uleb128 0xb
 395 0073 3B       		.uleb128 0x3b
 396 0074 0B       		.uleb128 0xb
 397 0075 27       		.uleb128 0x27
 398 0076 19       		.uleb128 0x19
ARM GAS  C:\Users\Nick\AppData\Local\Temp\ccXvcl2Y.s 			page 10


 399 0077 11       		.uleb128 0x11
 400 0078 01       		.uleb128 0x1
 401 0079 12       		.uleb128 0x12
 402 007a 06       		.uleb128 0x6
 403 007b 40       		.uleb128 0x40
 404 007c 18       		.uleb128 0x18
 405 007d 9742     		.uleb128 0x2117
 406 007f 19       		.uleb128 0x19
 407 0080 01       		.uleb128 0x1
 408 0081 13       		.uleb128 0x13
 409 0082 00       		.byte	0
 410 0083 00       		.byte	0
 411 0084 09       		.uleb128 0x9
 412 0085 898201   		.uleb128 0x4109
 413 0088 00       		.byte	0
 414 0089 11       		.uleb128 0x11
 415 008a 01       		.uleb128 0x1
 416 008b 31       		.uleb128 0x31
 417 008c 13       		.uleb128 0x13
 418 008d 00       		.byte	0
 419 008e 00       		.byte	0
 420 008f 0A       		.uleb128 0xa
 421 0090 34       		.uleb128 0x34
 422 0091 00       		.byte	0
 423 0092 03       		.uleb128 0x3
 424 0093 0E       		.uleb128 0xe
 425 0094 3A       		.uleb128 0x3a
 426 0095 0B       		.uleb128 0xb
 427 0096 3B       		.uleb128 0x3b
 428 0097 0B       		.uleb128 0xb
 429 0098 49       		.uleb128 0x49
 430 0099 13       		.uleb128 0x13
 431 009a 02       		.uleb128 0x2
 432 009b 18       		.uleb128 0x18
 433 009c 00       		.byte	0
 434 009d 00       		.byte	0
 435 009e 0B       		.uleb128 0xb
 436 009f 34       		.uleb128 0x34
 437 00a0 00       		.byte	0
 438 00a1 03       		.uleb128 0x3
 439 00a2 0E       		.uleb128 0xe
 440 00a3 3A       		.uleb128 0x3a
 441 00a4 0B       		.uleb128 0xb
 442 00a5 3B       		.uleb128 0x3b
 443 00a6 0B       		.uleb128 0xb
 444 00a7 49       		.uleb128 0x49
 445 00a8 13       		.uleb128 0x13
 446 00a9 3F       		.uleb128 0x3f
 447 00aa 19       		.uleb128 0x19
 448 00ab 3C       		.uleb128 0x3c
 449 00ac 19       		.uleb128 0x19
 450 00ad 00       		.byte	0
 451 00ae 00       		.byte	0
 452 00af 0C       		.uleb128 0xc
 453 00b0 2E       		.uleb128 0x2e
 454 00b1 00       		.byte	0
 455 00b2 3F       		.uleb128 0x3f
ARM GAS  C:\Users\Nick\AppData\Local\Temp\ccXvcl2Y.s 			page 11


 456 00b3 19       		.uleb128 0x19
 457 00b4 03       		.uleb128 0x3
 458 00b5 0E       		.uleb128 0xe
 459 00b6 3A       		.uleb128 0x3a
 460 00b7 0B       		.uleb128 0xb
 461 00b8 3B       		.uleb128 0x3b
 462 00b9 0B       		.uleb128 0xb
 463 00ba 27       		.uleb128 0x27
 464 00bb 19       		.uleb128 0x19
 465 00bc 3C       		.uleb128 0x3c
 466 00bd 19       		.uleb128 0x19
 467 00be 00       		.byte	0
 468 00bf 00       		.byte	0
 469 00c0 00       		.byte	0
 470              		.section	.debug_aranges,"",%progbits
 471 0000 34000000 		.4byte	0x34
 472 0004 0200     		.2byte	0x2
 473 0006 00000000 		.4byte	.Ldebug_info0
 474 000a 04       		.byte	0x4
 475 000b 00       		.byte	0
 476 000c 0000     		.2byte	0
 477 000e 0000     		.2byte	0
 478 0010 00000000 		.4byte	.LFB0
 479 0014 02000000 		.4byte	.LFE0-.LFB0
 480 0018 00000000 		.4byte	.LFB1
 481 001c 02000000 		.4byte	.LFE1-.LFB1
 482 0020 00000000 		.4byte	.LFB2
 483 0024 18000000 		.4byte	.LFE2-.LFB2
 484 0028 00000000 		.4byte	.LFB3
 485 002c 14000000 		.4byte	.LFE3-.LFB3
 486 0030 00000000 		.4byte	0
 487 0034 00000000 		.4byte	0
 488              		.section	.debug_ranges,"",%progbits
 489              	.Ldebug_ranges0:
 490 0000 00000000 		.4byte	.LFB0
 491 0004 02000000 		.4byte	.LFE0
 492 0008 00000000 		.4byte	.LFB1
 493 000c 02000000 		.4byte	.LFE1
 494 0010 00000000 		.4byte	.LFB2
 495 0014 18000000 		.4byte	.LFE2
 496 0018 00000000 		.4byte	.LFB3
 497 001c 14000000 		.4byte	.LFE3
 498 0020 00000000 		.4byte	0
 499 0024 00000000 		.4byte	0
 500              		.section	.debug_line,"",%progbits
 501              	.Ldebug_line0:
 502 0000 A8000000 		.section	.debug_str,"MS",%progbits,1
 502      02005C00 
 502      00000201 
 502      FB0E0D00 
 502      01010101 
 503              	.LASF16:
 504 0000 4C43445F 		.ascii	"LCD_Char_1_Sleep\000"
 504      43686172 
 504      5F315F53 
 504      6C656570 
 504      00
ARM GAS  C:\Users\Nick\AppData\Local\Temp\ccXvcl2Y.s 			page 12


 505              	.LASF19:
 506 0011 4C43445F 		.ascii	"LCD_Char_1_Enable\000"
 506      43686172 
 506      5F315F45 
 506      6E61626C 
 506      6500
 507              	.LASF18:
 508 0023 4C43445F 		.ascii	"LCD_Char_1_Stop\000"
 508      43686172 
 508      5F315F53 
 508      746F7000 
 509              	.LASF9:
 510 0033 666C6F61 		.ascii	"float\000"
 510      7400
 511              	.LASF12:
 512 0039 75696E74 		.ascii	"uint8\000"
 512      3800
 513              	.LASF1:
 514 003f 756E7369 		.ascii	"unsigned char\000"
 514      676E6564 
 514      20636861 
 514      7200
 515              	.LASF15:
 516 004d 4C43445F 		.ascii	"LCD_Char_1_RestoreConfig\000"
 516      43686172 
 516      5F315F52 
 516      6573746F 
 516      7265436F 
 517              	.LASF5:
 518 0066 6C6F6E67 		.ascii	"long unsigned int\000"
 518      20756E73 
 518      69676E65 
 518      6420696E 
 518      7400
 519              	.LASF3:
 520 0078 73686F72 		.ascii	"short unsigned int\000"
 520      7420756E 
 520      7369676E 
 520      65642069 
 520      6E7400
 521              	.LASF25:
 522 008b 4C43445F 		.ascii	"LCD_Char_1_enableState\000"
 522      43686172 
 522      5F315F65 
 522      6E61626C 
 522      65537461 
 523              	.LASF21:
 524 00a2 2E5C4765 		.ascii	".\\Generated_Source\\PSoC4\\LCD_Char_1_PM.c\000"
 524      6E657261 
 524      7465645F 
 524      536F7572 
 524      63655C50 
 525              	.LASF24:
 526 00cb 4C43445F 		.ascii	"LCD_Char_1_backup\000"
 526      43686172 
 526      5F315F62 
 526      61636B75 
ARM GAS  C:\Users\Nick\AppData\Local\Temp\ccXvcl2Y.s 			page 13


 526      7000
 527              	.LASF10:
 528 00dd 646F7562 		.ascii	"double\000"
 528      6C6500
 529              	.LASF13:
 530 00e4 4C43445F 		.ascii	"LCD_Char_1_BACKUP_STRUCT\000"
 530      43686172 
 530      5F315F42 
 530      41434B55 
 530      505F5354 
 531              	.LASF8:
 532 00fd 756E7369 		.ascii	"unsigned int\000"
 532      676E6564 
 532      20696E74 
 532      00
 533              	.LASF7:
 534 010a 6C6F6E67 		.ascii	"long long unsigned int\000"
 534      206C6F6E 
 534      6720756E 
 534      7369676E 
 534      65642069 
 535              	.LASF17:
 536 0121 4C43445F 		.ascii	"LCD_Char_1_Wakeup\000"
 536      43686172 
 536      5F315F57 
 536      616B6575 
 536      7000
 537              	.LASF6:
 538 0133 6C6F6E67 		.ascii	"long long int\000"
 538      206C6F6E 
 538      6720696E 
 538      7400
 539              	.LASF11:
 540 0141 63686172 		.ascii	"char\000"
 540      00
 541              	.LASF20:
 542 0146 474E5520 		.ascii	"GNU C 4.9.3 20150303 (release) [ARM/embedded-4_9-br"
 542      4320342E 
 542      392E3320 
 542      32303135 
 542      30333033 
 543 0179 616E6368 		.ascii	"anch revision 221220] -mcpu=cortex-m0 -mthumb -g -O"
 543      20726576 
 543      6973696F 
 543      6E203232 
 543      31323230 
 544 01ac 67202D66 		.ascii	"g -ffunction-sections -ffat-lto-objects\000"
 544      66756E63 
 544      74696F6E 
 544      2D736563 
 544      74696F6E 
 545              	.LASF2:
 546 01d4 73686F72 		.ascii	"short int\000"
 546      7420696E 
 546      7400
 547              	.LASF22:
 548 01de 433A5C55 		.ascii	"C:\\Users\\Nick\\Desktop\\Workspace01\\track.cydsn\000"
ARM GAS  C:\Users\Nick\AppData\Local\Temp\ccXvcl2Y.s 			page 14


 548      73657273 
 548      5C4E6963 
 548      6B5C4465 
 548      736B746F 
 549              	.LASF4:
 550 020c 6C6F6E67 		.ascii	"long int\000"
 550      20696E74 
 550      00
 551              	.LASF23:
 552 0215 656E6162 		.ascii	"enableState\000"
 552      6C655374 
 552      61746500 
 553              	.LASF0:
 554 0221 7369676E 		.ascii	"signed char\000"
 554      65642063 
 554      68617200 
 555              	.LASF14:
 556 022d 4C43445F 		.ascii	"LCD_Char_1_SaveConfig\000"
 556      43686172 
 556      5F315F53 
 556      61766543 
 556      6F6E6669 
 557              		.ident	"GCC: (GNU Tools for ARM Embedded Processors) 4.9.3 20150303 (release) [ARM/embedded-4_9-br
