#***************************************************************************

#sjplacer

#Version:            1.1

#Build Date:         Aug 18 2015 10:30:14

#File Generated:     Apr 14 2019 16:16:00

#Purpose:            

#Copyright (C) 2010-2011 by Softjin Technologies Pvt Ltd. All rights reserved.

#***************************************************************************

Executing : C:\software\Cypress\PSoC Creator\3.3\PSoC Creator\bin/sjplacer.exe --proj-name BlueT --netlist-vh2 BlueT_p.vh2 --arch-file C:\software\Cypress\PSoC Creator\3.3\PSoC Creator\dev/arch/p4_udb2x2a.ark --rrg-file C:\software\Cypress\PSoC Creator\3.3\PSoC Creator\dev/psoc4/psoc4a/route_arch-rrg.cydata --irq-file C:\software\Cypress\PSoC Creator\3.3\PSoC Creator\dev/psoc4/psoc4a/irqconn.cydata --dsi-conn-file C:\software\Cypress\PSoC Creator\3.3\PSoC Creator\dev/psoc4/psoc4a/dsiconn.cydata --pins-file pins_44-TQFP.xml --lib-file BlueT_p.lib --sdc-file BlueT.sdc --io-pcf BlueT.pci --outdir .

		Softjin Techologies Placer, Version 1.1

Build Date : Aug 18 2015	10:29:37

D2004: Option and Settings Summary
=============================================================
Netlist vh2 file          - BlueT_p.vh2
Architecture file         - C:\software\Cypress\PSoC Creator\3.3\PSoC Creator\dev/arch/p4_udb2x2a.ark
Package                   - 
Defparam file             - 
SDC file                  - BlueT.sdc
Output directory          - .
Timing library            - BlueT_p.lib
IO Placement file         - BlueT.pci

D2050: Starting reading inputs for placer
=============================================================
D2065: Reading netlist file : "BlueT_p.vh2"
D2065: Reading arch file : "C:\software\Cypress\PSoC Creator\3.3\PSoC Creator\dev/arch/p4_udb2x2a.ark"
D2051: Reading of inputs for placer completed successfully

D2053: Starting placement of the design
=============================================================

Phase 2
Phase 3
I2659: No Constrained paths were found. The placer will run in non-timing driven mode.

Design Statistics after Packing
    Number of Combinational MCs 	:	0
    Number of Sequential MCs    	:	0
    Number of DPs               	:	0
    Number of Controls          	:	0
    Number of Status            	:	0
    Number of SyncCells         	:	0
    Number of count7cells       	:	0

Device Utilization Summary after Packing
    Macrocells                  :	0/32
    UDBS                        :	0/4
    IOs                         :	4/36


D2088: Phase 3, elapsed time : 0.0 (sec)

Phase 4
D2088: Phase 4, elapsed time : 0.0 (sec)

Phase 8
D2088: Phase 8, elapsed time : 0.0 (sec)

D2054: Placement of the design completed successfully

I2076: Total run-time: 0.3 sec.

